Log file open, 05/18/18 12:56:28
LogWindows: Failed to load 'aqProf.dll' (GetLastError=126)
LogWindows: File 'aqProf.dll' does not exist
LogWindows: Failed to load 'VtuneApi.dll' (GetLastError=126)
LogWindows: File 'VtuneApi.dll' does not exist
LogWindows: Failed to load 'VtuneApi32e.dll' (GetLastError=126)
LogWindows: File 'VtuneApi32e.dll' does not exist
LogInit: Display: Running engine for game: Unreal_Adv_Template
LogPlatformFile: Not using cached read wrapper
LogInit: Display: RandInit(-884936589) SRandInit(-884936589).
LogInit: Read version file with build ID '3944462'
LogInit: Overriding engine version to CL 4033788, compatible CL 3944462
LogInit: Registered custom module enumerator with build ID '3944462'
LogTaskGraph: Started task graph with 5 named threads and 14 total threads with 3 sets of task threads.
LogStats: Stats thread started at 0.815240
LogD3D11RHI: Aftermath initialized
LogICUInternationalization: Display: ICU TimeZone Detection - Raw Offset: +5:30, Platform Override: ''
LogModuleManager: Display: Found up-to-date module file ../../../Engine/Plugins/Runtime/Oculus/OculusAudio/Binaries/Win64/UE4Editor-OculusAudio.dll (API version 3944462).
LogModuleManager: Display: Found up-to-date module file ../../../Engine/Plugins/Runtime/Oculus/OculusAudio/Binaries/Win64/UE4Editor-OculusAudioEditor.dll (API version 3944462).
LogModuleManager: Display: Found up-to-date module file ../../../Engine/Plugins/2D/Paper2D/Binaries/Win64/UE4Editor-Paper2D.dll (API version 3944462).
LogModuleManager: Display: Found up-to-date module file ../../../Engine/Plugins/2D/Paper2D/Binaries/Win64/UE4Editor-Paper2DEditor.dll (API version 3944462).
LogModuleManager: Display: Found up-to-date module file ../../../Engine/Plugins/2D/Paper2D/Binaries/Win64/UE4Editor-PaperSpriteSheetImporter.dll (API version 3944462).
LogModuleManager: Display: Found up-to-date module file ../../../Engine/Plugins/2D/Paper2D/Binaries/Win64/UE4Editor-PaperTiledImporter.dll (API version 3944462).
LogModuleManager: Display: Found up-to-date module file ../../../Engine/Plugins/2D/Paper2D/Binaries/Win64/UE4Editor-SmartSnapping.dll (API version 3944462).
LogModuleManager: Display: Found up-to-date module file ../../../Engine/Plugins/Blendables/LightPropagationVolume/Binaries/Win64/UE4Editor-LightPropagationVolumeRuntime.dll (API version 3944462).
LogModuleManager: Display: Found up-to-date module file ../../../Engine/Plugins/Blendables/LightPropagationVolume/Binaries/Win64/UE4Editor-LightPropagationVolumeEditor.dll (API version 3944462).
LogModuleManager: Display: Found up-to-date module file ../../../Engine/Plugins/Developer/CLionSourceCodeAccess/Binaries/Win64/UE4Editor-CLionSourceCodeAccess.dll (API version 3944462).
LogModuleManager: Display: Found up-to-date module file ../../../Engine/Plugins/Developer/GitSourceControl/Binaries/Win64/UE4Editor-GitSourceControl.dll (API version 3944462).
LogModuleManager: Display: Found up-to-date module file ../../../Engine/Plugins/Developer/PerforceSourceControl/Binaries/Win64/UE4Editor-PerforceSourceControl.dll (API version 3944462).
LogModuleManager: Display: Found up-to-date module file ../../../Engine/Plugins/Developer/SubversionSourceControl/Binaries/Win64/UE4Editor-SubversionSourceControl.dll (API version 3944462).
LogModuleManager: Display: Found up-to-date module file ../../../Engine/Plugins/Developer/UObjectPlugin/Binaries/Win64/UE4Editor-UObjectPlugin.dll (API version 3944462).
LogModuleManager: Display: Found up-to-date module file ../../../Engine/Plugins/Developer/VisualStudioCodeSourceCodeAccess/Binaries/Win64/UE4Editor-VisualStudioCodeSourceCodeAccess.dll (API version 3944462).
LogModuleManager: Display: Found up-to-date module file ../../../Engine/Plugins/Developer/VisualStudioSourceCodeAccess/Binaries/Win64/UE4Editor-VisualStudioSourceCodeAccess.dll (API version 3944462).
LogModuleManager: Display: Found up-to-date module file ../../../Engine/Plugins/Editor/AssetManagerEditor/Binaries/Win64/UE4Editor-AssetManagerEditor.dll (API version 3944462).
LogModuleManager: Display: Found up-to-date module file ../../../Engine/Plugins/Editor/CryptoKeys/Binaries/Win64/UE4Editor-CryptoKeys.dll (API version 3944462).
LogModuleManager: Display: Found up-to-date module file ../../../Engine/Plugins/Editor/CryptoKeys/Binaries/Win64/UE4Editor-CryptoKeysOpenSSL.dll (API version 3944462).
LogModuleManager: Display: Found up-to-date module file ../../../Engine/Plugins/Editor/DataValidation/Binaries/Win64/UE4Editor-DataValidation.dll (API version 3944462).
LogModuleManager: Display: Found up-to-date module file ../../../Engine/Plugins/Editor/FacialAnimation/Binaries/Win64/UE4Editor-FacialAnimation.dll (API version 3944462).
LogModuleManager: Display: Found up-to-date module file ../../../Engine/Plugins/Editor/FacialAnimation/Binaries/Win64/UE4Editor-FacialAnimationEditor.dll (API version 3944462).
LogModuleManager: Display: Found up-to-date module file ../../../Engine/Plugins/Editor/GameplayTagsEditor/Binaries/Win64/UE4Editor-GameplayTagsEditor.dll (API version 3944462).
LogModuleManager: Display: Found up-to-date module file ../../../Engine/Plugins/Editor/MobileLauncherProfileWizard/Binaries/Win64/UE4Editor-MobileLauncherProfileWizard.dll (API version 3944462).
LogModuleManager: Display: Found up-to-date module file ../../../Engine/Plugins/Editor/PluginBrowser/Binaries/Win64/UE4Editor-PluginBrowser.dll (API version 3944462).
LogModuleManager: Display: Found up-to-date module file ../../../Engine/Plugins/Editor/SpeedTreeImporter/Binaries/Win64/UE4Editor-SpeedTreeImporter.dll (API version 3944462).
LogModuleManager: Display: Found up-to-date module file ../../../Engine/Plugins/Enterprise/DatasmithContent/Binaries/Win64/UE4Editor-DatasmithContent.dll (API version 3944462).
LogModuleManager: Display: Found up-to-date module file ../../../Engine/Plugins/Experimental/AlembicImporter/Binaries/Win64/UE4Editor-AlembicImporter.dll (API version 3944462).
LogModuleManager: Display: Found up-to-date module file ../../../Engine/Plugins/Experimental/AlembicImporter/Binaries/Win64/UE4Editor-AlembicLibrary.dll (API version 3944462).
LogModuleManager: Display: Found up-to-date module file ../../../Engine/Plugins/Experimental/CharacterAI/Binaries/Win64/UE4Editor-CharacterAI.dll (API version 3944462).
LogModuleManager: Display: Found up-to-date module file ../../../Engine/Plugins/Experimental/HTML5Networking/Binaries/Win64/UE4Editor-HTML5Networking.dll (API version 3944462).
LogModuleManager: Display: Found up-to-date module file ../../../Engine/Plugins/Media/AndroidMedia/Binaries/Win64/UE4Editor-AndroidMediaEditor.dll (API version 3944462).
LogModuleManager: Display: Found up-to-date module file ../../../Engine/Plugins/Media/AndroidMedia/Binaries/Win64/UE4Editor-AndroidMediaFactory.dll (API version 3944462).
LogModuleManager: Display: Found up-to-date module file ../../../Engine/Plugins/Media/AvfMedia/Binaries/Win64/UE4Editor-AvfMediaEditor.dll (API version 3944462).
LogModuleManager: Display: Found up-to-date module file ../../../Engine/Plugins/Media/AvfMedia/Binaries/Win64/UE4Editor-AvfMediaFactory.dll (API version 3944462).
LogModuleManager: Display: Found up-to-date module file ../../../Engine/Plugins/Media/AvfMedia/Binaries/Win64/UE4Editor-AvfMediaFactory.dll (API version 3944462).
LogModuleManager: Display: Found up-to-date module file ../../../Engine/Plugins/Media/ImgMedia/Binaries/Win64/UE4Editor-ImgMedia.dll (API version 3944462).
LogModuleManager: Display: Found up-to-date module file ../../../Engine/Plugins/Media/ImgMedia/Binaries/Win64/UE4Editor-ImgMediaEditor.dll (API version 3944462).
LogModuleManager: Display: Found up-to-date module file ../../../Engine/Plugins/Media/ImgMedia/Binaries/Win64/UE4Editor-ImgMediaFactory.dll (API version 3944462).
LogModuleManager: Display: Found up-to-date module file ../../../Engine/Plugins/Media/ImgMedia/Binaries/Win64/UE4Editor-ImgMediaFactory.dll (API version 3944462).
LogModuleManager: Display: Found up-to-date module file ../../../Engine/Plugins/Media/ImgMedia/Binaries/Win64/UE4Editor-OpenExrWrapper.dll (API version 3944462).
LogModuleManager: Display: Found up-to-date module file ../../../Engine/Plugins/Media/LinearTimecode/Binaries/Win64/UE4Editor-LinearTimecode.dll (API version 3944462).
LogModuleManager: Display: Found up-to-date module file ../../../Engine/Plugins/Media/MediaCompositing/Binaries/Win64/UE4Editor-MediaCompositing.dll (API version 3944462).
LogModuleManager: Display: Found up-to-date module file ../../../Engine/Plugins/Media/MediaCompositing/Binaries/Win64/UE4Editor-MediaCompositingEditor.dll (API version 3944462).
LogModuleManager: Display: Found up-to-date module file ../../../Engine/Plugins/Media/MediaPlayerEditor/Binaries/Win64/UE4Editor-MediaPlayerEditor.dll (API version 3944462).
LogModuleManager: Display: Found up-to-date module file ../../../Engine/Plugins/Media/WmfMedia/Binaries/Win64/UE4Editor-WmfMedia.dll (API version 3944462).
LogModuleManager: Display: Found up-to-date module file ../../../Engine/Plugins/Media/WmfMedia/Binaries/Win64/UE4Editor-WmfMediaEditor.dll (API version 3944462).
LogModuleManager: Display: Found up-to-date module file ../../../Engine/Plugins/Media/WmfMedia/Binaries/Win64/UE4Editor-WmfMediaFactory.dll (API version 3944462).
LogModuleManager: Display: Found up-to-date module file ../../../Engine/Plugins/Media/WmfMedia/Binaries/Win64/UE4Editor-WmfMediaFactory.dll (API version 3944462).
LogModuleManager: Display: Found up-to-date module file ../../../Engine/Plugins/Messaging/TcpMessaging/Binaries/Win64/UE4Editor-TcpMessaging.dll (API version 3944462).
LogModuleManager: Display: Found up-to-date module file ../../../Engine/Plugins/Messaging/UdpMessaging/Binaries/Win64/UE4Editor-UdpMessaging.dll (API version 3944462).
LogModuleManager: Display: Found up-to-date module file ../../../Engine/Plugins/MovieScene/ActorSequence/Binaries/Win64/UE4Editor-ActorSequence.dll (API version 3944462).
LogModuleManager: Display: Found up-to-date module file ../../../Engine/Plugins/MovieScene/LevelSequenceEditor/Binaries/Win64/UE4Editor-LevelSequenceEditor.dll (API version 3944462).
LogModuleManager: Display: Found up-to-date module file ../../../Engine/Plugins/MovieScene/MatineeToLevelSequence/Binaries/Win64/UE4Editor-MatineeToLevelSequence.dll (API version 3944462).
LogModuleManager: Display: Found up-to-date module file ../../../Engine/Plugins/NetcodeUnitTest/NetcodeUnitTest/Binaries/Win64/UE4Editor-NetcodeUnitTest.dll (API version 3944462).
LogModuleManager: Display: Found up-to-date module file ../../../Engine/Plugins/NetcodeUnitTest/NUTUnrealEngine4/Binaries/Win64/UE4Editor-NUTUnrealEngine4.dll (API version 3944462).
LogModuleManager: Display: Found up-to-date module file ../../../Engine/Plugins/Online/OnlineSubsystem/Binaries/Win64/UE4Editor-OnlineSubsystem.dll (API version 3944462).
LogModuleManager: Display: Found up-to-date module file ../../../Engine/Plugins/Runtime/AndroidPermission/Binaries/Win64/UE4Editor-AndroidPermission.dll (API version 3944462).
LogModuleManager: Display: Found up-to-date module file ../../../Engine/Plugins/Online/OnlineSubsystemNull/Binaries/Win64/UE4Editor-OnlineSubsystemNull.dll (API version 3944462).
LogModuleManager: Display: Found up-to-date module file ../../../Engine/Plugins/Online/OnlineSubsystemUtils/Binaries/Win64/UE4Editor-OnlineSubsystemUtils.dll (API version 3944462).
LogModuleManager: Display: Found up-to-date module file ../../../Engine/Plugins/Online/OnlineSubsystemUtils/Binaries/Win64/UE4Editor-OnlineBlueprintSupport.dll (API version 3944462).
LogModuleManager: Display: Found up-to-date module file ../../../Engine/Plugins/Runtime/AndroidDeviceProfileSelector/Binaries/Win64/UE4Editor-AndroidDeviceProfileSelector.dll (API version 3944462).
LogModuleManager: Display: Found up-to-date module file ../../../Engine/Plugins/Runtime/AppleARKit/Binaries/Win64/UE4Editor-AppleARKit.dll (API version 3944462).
LogModuleManager: Display: Found up-to-date module file ../../../Engine/Plugins/Runtime/ProceduralMeshComponent/Binaries/Win64/UE4Editor-ProceduralMeshComponent.dll (API version 3944462).
LogModuleManager: Display: Found up-to-date module file ../../../Engine/Plugins/Runtime/ProceduralMeshComponent/Binaries/Win64/UE4Editor-ProceduralMeshComponentEditor.dll (API version 3944462).
LogModuleManager: Display: Found up-to-date module file ../../../Engine/Plugins/Animation/LiveLink/Binaries/Win64/UE4Editor-LiveLink.dll (API version 3944462).
LogModuleManager: Display: Found up-to-date module file ../../../Engine/Plugins/Animation/LiveLink/Binaries/Win64/UE4Editor-LiveLinkEditor.dll (API version 3944462).
LogModuleManager: Display: Found up-to-date module file ../../../Engine/Plugins/Runtime/ArchVisCharacter/Binaries/Win64/UE4Editor-ArchVisCharacter.dll (API version 3944462).
LogModuleManager: Display: Found up-to-date module file ../../../Engine/Plugins/Runtime/AudioCapture/Binaries/Win64/UE4Editor-AudioCapture.dll (API version 3944462).
LogModuleManager: Display: Found up-to-date module file ../../../Engine/Plugins/Runtime/AudioCapture/Binaries/Win64/UE4Editor-AudioCaptureEditor.dll (API version 3944462).
LogModuleManager: Display: Found up-to-date module file ../../../Engine/Plugins/Runtime/CableComponent/Binaries/Win64/UE4Editor-CableComponent.dll (API version 3944462).
LogModuleManager: Display: Found up-to-date module file ../../../Engine/Plugins/Runtime/CustomMeshComponent/Binaries/Win64/UE4Editor-CustomMeshComponent.dll (API version 3944462).
LogModuleManager: Display: Found up-to-date module file ../../../Engine/Plugins/Runtime/ExampleDeviceProfileSelector/Binaries/Win64/UE4Editor-ExampleDeviceProfileSelector.dll (API version 3944462).
LogModuleManager: Display: Found up-to-date module file ../../../Engine/Plugins/Runtime/ImmediatePhysics/Binaries/Win64/UE4Editor-ImmediatePhysics.dll (API version 3944462).
LogModuleManager: Display: Found up-to-date module file ../../../Engine/Plugins/Runtime/ImmediatePhysics/Binaries/Win64/UE4Editor-ImmediatePhysicsEditor.dll (API version 3944462).
LogModuleManager: Display: Found up-to-date module file ../../../Engine/Plugins/Runtime/LocationServicesBPLibrary/Binaries/Win64/UE4Editor-LocationServicesBPLibrary.dll (API version 3944462).
LogModuleManager: Display: Found up-to-date module file ../../../Engine/Plugins/Runtime/MobilePatchingUtils/Binaries/Win64/UE4Editor-MobilePatchingUtils.dll (API version 3944462).
LogModuleManager: Display: Found up-to-date module file ../../../Engine/Plugins/Runtime/Oculus/OculusVR/Binaries/Win64/UE4Editor-OculusHMD.dll (API version 3944462).
LogModuleManager: Display: Found up-to-date module file ../../../Engine/Plugins/Runtime/Oculus/OculusVR/Binaries/Win64/UE4Editor-OculusInput.dll (API version 3944462).
LogModuleManager: Display: Found up-to-date module file ../../../Engine/Plugins/Runtime/Oculus/OculusVR/Binaries/Win64/UE4Editor-OculusEditor.dll (API version 3944462).
LogModuleManager: Display: Found up-to-date module file ../../../Engine/Plugins/Runtime/PhysXVehicles/Binaries/Win64/UE4Editor-PhysXVehicles.dll (API version 3944462).
LogModuleManager: Display: Found up-to-date module file ../../../Engine/Plugins/Runtime/PhysXVehicles/Binaries/Win64/UE4Editor-PhysXVehiclesEditor.dll (API version 3944462).
LogModuleManager: Display: Found up-to-date module file ../../../Engine/Plugins/Runtime/RuntimePhysXCooking/Binaries/Win64/UE4Editor-RuntimePhysXCooking.dll (API version 3944462).
LogModuleManager: Display: Found up-to-date module file ../../../Engine/Plugins/Runtime/Steam/SteamVR/Binaries/Win64/UE4Editor-SteamVR.dll (API version 3944462).
LogModuleManager: Display: Found up-to-date module file ../../../Engine/Plugins/Runtime/Steam/SteamVR/Binaries/Win64/UE4Editor-SteamVRController.dll (API version 3944462).
LogModuleManager: Display: Found up-to-date module file ../../../Engine/Plugins/Runtime/WindowsMoviePlayer/Binaries/Win64/UE4Editor-WindowsMoviePlayer.dll (API version 3944462).
LogPluginManager: Mounting plugin Paper2D
LogPluginManager: Mounting plugin LiveLink
LogPluginManager: Mounting plugin LightPropagationVolume
LogPluginManager: Mounting plugin CLionSourceCodeAccess
LogPluginManager: Mounting plugin CodeLiteSourceCodeAccess
LogPluginManager: Mounting plugin GitSourceControl
LogPluginManager: Mounting plugin KDevelopSourceCodeAccess
LogPluginManager: Mounting plugin NullSourceCodeAccess
LogPluginManager: Mounting plugin PerforceSourceControl
LogPluginManager: Mounting plugin SubversionSourceControl
LogPluginManager: Mounting plugin UObjectPlugin
LogPluginManager: Mounting plugin VisualStudioCodeSourceCodeAccess
LogPluginManager: Mounting plugin VisualStudioSourceCodeAccess
LogPluginManager: Mounting plugin XCodeSourceCodeAccess
LogPluginManager: Mounting plugin AssetManagerEditor
LogPluginManager: Mounting plugin CryptoKeys
LogPluginManager: Mounting plugin DataValidation
LogPluginManager: Mounting plugin FacialAnimation
LogPluginManager: Mounting plugin GameplayTagsEditor
LogPluginManager: Mounting plugin MobileLauncherProfileWizard
LogPluginManager: Mounting plugin PluginBrowser
LogPluginManager: Mounting plugin SpeedTreeImporter
LogPluginManager: Mounting plugin DatasmithContent
LogPluginManager: Mounting plugin AlembicImporter
LogPluginManager: Mounting plugin CharacterAI
LogPluginManager: Mounting plugin HTML5Networking
LogPluginManager: Mounting plugin AndroidMedia
LogPluginManager: Mounting plugin AvfMedia
LogPluginManager: Mounting plugin ImgMedia
LogPluginManager: Mounting plugin LinearTimecode
LogPluginManager: Mounting plugin MediaCompositing
LogPluginManager: Mounting plugin MediaPlayerEditor
LogPluginManager: Mounting plugin WmfMedia
LogPluginManager: Mounting plugin TcpMessaging
LogPluginManager: Mounting plugin UdpMessaging
LogPluginManager: Mounting plugin ActorSequence
LogPluginManager: Mounting plugin LevelSequenceEditor
LogPluginManager: Mounting plugin MatineeToLevelSequence
LogPluginManager: Mounting plugin NetcodeUnitTest
LogPluginManager: Mounting plugin NUTUnrealEngine4
LogPluginManager: Mounting plugin OnlineSubsystemGooglePlay
LogPluginManager: Mounting plugin OnlineSubsystemIOS
LogPluginManager: Mounting plugin OnlineSubsystem
LogPluginManager: Mounting plugin OnlineSubsystemNull
LogPluginManager: Mounting plugin OnlineSubsystemUtils
LogPluginManager: Mounting plugin AndroidDeviceProfileSelector
LogPluginManager: Mounting plugin AndroidMoviePlayer
LogPluginManager: Mounting plugin AndroidPermission
LogPluginManager: Mounting plugin AppleARKit
LogPluginManager: Mounting plugin AppleMoviePlayer
LogPluginManager: Mounting plugin ArchVisCharacter
LogPluginManager: Mounting plugin AudioCapture
LogPluginManager: Mounting plugin CableComponent
LogPluginManager: Mounting plugin CustomMeshComponent
LogPluginManager: Mounting plugin ExampleDeviceProfileSelector
LogPluginManager: Mounting plugin GoogleCloudMessaging
LogPluginManager: Mounting plugin ImmediatePhysics
LogPluginManager: Mounting plugin IOSDeviceProfileSelector
LogPluginManager: Mounting plugin LinuxDeviceProfileSelector
LogPluginManager: Mounting plugin LocationServicesBPLibrary
LogPluginManager: Mounting plugin MobilePatchingUtils
LogPluginManager: Mounting plugin OculusAudio
LogPluginManager: Mounting plugin OculusVR
LogPluginManager: Plugin shader directory ../../../Engine/Plugins/Runtime/Oculus/OculusVR/Shaders found
LogPluginManager: Mapping shader source directory ../../../Engine/Plugins/Runtime/Oculus/OculusVR/Shaders to virtual directory /Plugin/OculusVR
LogPluginManager: Mounting plugin PhysXVehicles
LogPluginManager: Mounting plugin ProceduralMeshComponent
LogPluginManager: Mounting plugin RuntimePhysXCooking
LogPluginManager: Mounting plugin SteamVR
LogPluginManager: Mounting plugin WindowsMoviePlayer
LogStreaming: Display: Took  1.815s to configure plugins.
LogInit: Using libcurl 7.47.1
LogInit:  - built for x86_64-pc-win32
LogInit:  - supports SSL with OpenSSL/1.0.2g
LogInit:  - supports HTTP deflate (compression) using libz 1.2.8
LogInit:  - other features:
LogInit:      CURL_VERSION_SSL
LogInit:      CURL_VERSION_LIBZ
LogInit:      CURL_VERSION_IPV6
LogInit:      CURL_VERSION_ASYNCHDNS
LogInit:      CURL_VERSION_LARGEFILE
LogInit:      CURL_VERSION_IDN
LogInit:  CurlRequestOptions (configurable via config and command line):
LogInit:  - bVerifyPeer = false  - Libcurl will NOT verify peer certificate
LogInit:  - bUseHttpProxy = false  - Libcurl will NOT use HTTP proxy
LogInit:  - bDontReuseConnections = false  - Libcurl will reuse connections
LogInit:  - CertBundlePath = nullptr  - Libcurl will use whatever was configured at build time.
LogInit:  - MaxHostConnections = 16  - Libcurl will limit the number of connections to a host
LogInit:  - LocalHostAddr = Default
LogInit: WinSock: version 1.1 (2.2), MaxSocks=32767, MaxUdp=65467
LogInit: WinSock: I am Sanket (192.168.0.4:0)
LogInit: Build: ++UE4+Release-4.19-CL-4033788
LogInit: Engine Version: 4.19.2-4033788+++UE4+Release-4.19
LogInit: Compatible Engine Version: 4.19.0-3944462+++UE4+Release-4.19
LogInit: Net CL: 3944462
LogDevObjectVersion: Number of dev versions registered: 18
LogDevObjectVersion:   Dev-Blueprints (B0D832E4-1F89-4F0D-ACCF-7EB736FD4AA2): 10
LogDevObjectVersion:   Dev-Build (E1C64328-A22C-4D53-A36C-8E866417BD8C): 0
LogDevObjectVersion:   Dev-Core (375EC13C-06E4-48FB-B500-84F0262A717E): 2
LogDevObjectVersion:   Dev-Editor (E4B068ED-F494-42E9-A231-DA0B2E46BB41): 23
LogDevObjectVersion:   Dev-Framework (CFFC743F-43B0-4480-9391-14DF171D2073): 33
LogDevObjectVersion:   Dev-Mobile (B02B49B5-BB20-44E9-A304-32B752E40360): 2
LogDevObjectVersion:   Dev-Networking (A4E4105C-59A1-49B5-A7C5-40C4547EDFEE): 0
LogDevObjectVersion:   Dev-Online (39C831C9-5AE6-47DC-9A44-9C173E1C8E7C): 0
LogDevObjectVersion:   Dev-Physics (78F01B33-EBEA-4F98-B9B4-84EACCB95AA2): 0
LogDevObjectVersion:   Dev-Platform (6631380F-2D4D-43E0-8009-CF276956A95A): 0
LogDevObjectVersion:   Dev-Rendering (12F88B9F-8875-4AFC-A67C-D90C383ABD29): 25
LogDevObjectVersion:   Dev-Sequencer (7B5AE74C-D270-4C10-A958-57980B212A5A): 6
LogDevObjectVersion:   Dev-VR (D7296918-1DD6-4BDD-9DE2-64A83CC13884): 1
LogDevObjectVersion:   Dev-LoadTimes (C2A15278-BFE7-4AFE-6C17-90FF531DF755): 1
LogDevObjectVersion:   Private-Geometry (6EACA3D4-40EC-4CC1-B786-8BED09428FC5): 2
LogDevObjectVersion:   Dev-AnimPhys (29E575DD-E0A3-4627-9D10-D276232CDCEA): 16
LogDevObjectVersion:   Dev-ReflectionCapture (6B266CEC-1EC7-4B8F-A30B-E4D90942FC07): 1
LogDevObjectVersion:   Dev-Automation (0DF73D61-A23F-47EA-B727-89E90C41499A): 1
LogInit: Compiled (64-bit): Apr 27 2018 02:06:57
LogInit: Compiled with Visual C++: 19.00.24215.01
LogInit: Build Configuration: Development
LogInit: Branch Name: ++UE4+Release-4.19
LogInit: Command Line:  
LogInit: Base Directory: C:/Program Files/Epic Games/UE_4.19/Engine/Binaries/Win64/
LogInit: Installed Engine Build: 1
LogStreaming: Display: Took  0.000s to delete old logs.
LogInit: Presizing for max 8388607 objects, including 0 objects not considered by GC, pre-allocating 0 bytes for permanent pool.
LogInit: Object subsystem initialized
[2018.05.18-07.26.30:489][  0]LogInit: Selected Device Profile: [Windows]
[2018.05.18-07.26.30:489][  0]LogInit: Applying CVar settings loaded from the selected device profile: [Windows]
[2018.05.18-07.26.30:515][  0]LogInit: Computer: SANKET
[2018.05.18-07.26.30:515][  0]LogInit: User: PC
[2018.05.18-07.26.30:515][  0]LogInit: CPU Page size=4096, Cores=4
[2018.05.18-07.26.30:515][  0]LogInit: High frequency timer resolution =2.929686 MHz
[2018.05.18-07.26.30:515][  0]LogMemory: Memory total: Physical=16.0GB (16GB approx)
[2018.05.18-07.26.30:515][  0]LogMemory: Platform Memory Stats for Windows
[2018.05.18-07.26.30:515][  0]LogMemory: Process Physical Memory: 273.80 MB used, 273.80 MB peak
[2018.05.18-07.26.30:515][  0]LogMemory: Process Virtual Memory: 265.27 MB used, 265.27 MB peak
[2018.05.18-07.26.30:515][  0]LogMemory: Physical Memory: 5844.87 MB used,  10499.09 MB free, 16343.95 MB total
[2018.05.18-07.26.30:515][  0]LogMemory: Virtual Memory: 648.64 MB used,  10499.09 MB free, 134217728.00 MB total
[2018.05.18-07.26.30:783][  0]LogInit: Using OS detected language (en-GB).
[2018.05.18-07.26.30:783][  0]LogInit: Using OS detected locale (en-IN).
[2018.05.18-07.26.30:839][  0]LogTextLocalizationManager: No specific localization for 'en-GB' exists, so the 'en' localization will be used.
[2018.05.18-07.26.31:331][  0]LogStreaming: Display: Took  0.547s to EndInitTextLocalization.
[2018.05.18-07.26.31:333][  0]LogInit: Setting process to per monitor DPI aware
[2018.05.18-07.26.31:427][  0]LogSlate: New Slate User Created.  User Index 0, Is Virtual User: 0
[2018.05.18-07.26.31:427][  0]LogSlate: Slate User Registered.  User Index 0, Is Virtual User: 0
[2018.05.18-07.26.33:109][  0]LogD3D11RHI: D3D11 adapters:
[2018.05.18-07.26.33:437][  0]LogD3D11RHI:    0. 'NVIDIA GeForce GTX 750 Ti' (Feature Level 11_0)
[2018.05.18-07.26.33:437][  0]LogD3D11RHI:       2017/0/8171 MB DedicatedVideo/DedicatedSystem/SharedSystem, Outputs:1, VendorId:0x10de
[2018.05.18-07.26.33:438][  0]LogD3D11RHI:    1. 'Microsoft Basic Render Driver' (Feature Level 11_0)
[2018.05.18-07.26.33:438][  0]LogD3D11RHI:       0/0/8171 MB DedicatedVideo/DedicatedSystem/SharedSystem, Outputs:0, VendorId:0x1414
[2018.05.18-07.26.33:438][  0]LogD3D11RHI: Chosen D3D11 Adapter: 0
[2018.05.18-07.26.33:442][  0]LogD3D11RHI: Creating new Direct3DDevice
[2018.05.18-07.26.33:442][  0]LogD3D11RHI:     GPU DeviceId: 0x1380 (for the marketing name, search the web for "GPU Device Id")
[2018.05.18-07.26.33:442][  0]LogWindows: EnumDisplayDevices:
[2018.05.18-07.26.33:442][  0]LogWindows:    0. 'NVIDIA GeForce GTX 750 Ti' (P:1 D:1)
[2018.05.18-07.26.33:442][  0]LogWindows:    1. 'NVIDIA GeForce GTX 750 Ti' (P:0 D:0)
[2018.05.18-07.26.33:443][  0]LogWindows:    2. 'NVIDIA GeForce GTX 750 Ti' (P:0 D:0)
[2018.05.18-07.26.33:443][  0]LogWindows: DebugString: FoundDriverCount:3 
[2018.05.18-07.26.33:443][  0]LogD3D11RHI:     Adapter Name: NVIDIA GeForce GTX 750 Ti
[2018.05.18-07.26.33:443][  0]LogD3D11RHI:   Driver Version: 388.13 (internal:23.21.13.8813, unified:388.13)
[2018.05.18-07.26.33:443][  0]LogD3D11RHI:      Driver Date: 10-27-2017
[2018.05.18-07.26.33:443][  0]LogRHI: Texture pool is 1412 MB (70% of 2017 MB)
[2018.05.18-07.26.33:570][  0]LogD3D11RHI: [Aftermath] Aftermath enabled but failed to initialize
[2018.05.18-07.26.33:570][  0]LogD3D11RHI: [Aftermath] Aftermath enabled and primed
[2018.05.18-07.26.33:570][  0]LogD3D11RHI: Async texture creation enabled
[2018.05.18-07.26.33:597][  0]LogD3D11RHI: GPU Timing Frequency: 1000.000000 (Debug: 2 1)
[2018.05.18-07.26.33:605][  0]LogShaderCompilers: Guid format shader working directory is 20 characters bigger than the processId version (E:/Hide & Seek Project/Intermediate/Shaders/WorkingDirectory/10596/).
[2018.05.18-07.26.33:606][  0]LogShaderCompilers: Cleaned the shader compiler working directory 'C:/Users/PC/AppData/Local/Temp/UnrealShaderWorkingDir/A6ABC823404AC439C0D3F69932D1802B/'.
[2018.05.18-07.26.34:160][  0]LogTemp: Display: Loaded TP AllDesktopTargetPlatform
[2018.05.18-07.26.34:173][  0]LogTemp: Display: Loaded TP MacClientTargetPlatform
[2018.05.18-07.26.34:186][  0]LogTemp: Display: Loaded TP MacNoEditorTargetPlatform
[2018.05.18-07.26.34:199][  0]LogTemp: Display: Loaded TP MacServerTargetPlatform
[2018.05.18-07.26.34:216][  0]LogTemp: Display: Loaded TP MacTargetPlatform
[2018.05.18-07.26.34:229][  0]LogTemp: Display: Loaded TP WindowsClientTargetPlatform
[2018.05.18-07.26.34:243][  0]LogTemp: Display: Loaded TP WindowsNoEditorTargetPlatform
[2018.05.18-07.26.34:255][  0]LogTemp: Display: Loaded TP WindowsServerTargetPlatform
[2018.05.18-07.26.34:261][  0]LogTemp: Display: Loaded TP WindowsTargetPlatform
[2018.05.18-07.26.34:273][  0]LogTemp: Display: Loaded TP Android_ASTCTargetPlatform
[2018.05.18-07.26.34:285][  0]LogTemp: Display: Loaded TP Android_ATCTargetPlatform
[2018.05.18-07.26.34:296][  0]LogTemp: Display: Loaded TP Android_DXTTargetPlatform
[2018.05.18-07.26.34:308][  0]LogTemp: Display: Loaded TP Android_ETC1aTargetPlatform
[2018.05.18-07.26.34:319][  0]LogTemp: Display: Loaded TP Android_ETC1TargetPlatform
[2018.05.18-07.26.34:330][  0]LogTemp: Display: Loaded TP Android_ETC2TargetPlatform
[2018.05.18-07.26.34:354][  0]LogTemp: Display: Loaded TP Android_MultiTargetPlatform
[2018.05.18-07.26.34:354][  0]LogTemp: Display: Loaded TP Android_PVRTCTargetPlatform
[2018.05.18-07.26.34:370][  0]LogTemp: Display: Loaded TP AndroidTargetPlatform
[2018.05.18-07.26.34:371][  0]LogTemp: Display: Loaded TP HTML5TargetPlatform
[2018.05.18-07.26.34:430][  0]LogTemp: Display: Loaded TP IOSTargetPlatform
[2018.05.18-07.26.34:442][  0]LogTemp: Display: Loaded TP TVOSTargetPlatform
[2018.05.18-07.26.34:454][  0]LogTemp: Display: Loaded TP LinuxClientTargetPlatform
[2018.05.18-07.26.34:465][  0]LogTemp: Display: Loaded TP LinuxNoEditorTargetPlatform
[2018.05.18-07.26.34:477][  0]LogTemp: Display: Loaded TP LinuxServerTargetPlatform
[2018.05.18-07.26.34:493][  0]LogTemp: Display: Loaded TP LinuxTargetPlatform
[2018.05.18-07.26.34:493][  0]LogTargetPlatformManager: Display: Building Assets For Windows
[2018.05.18-07.26.34:850][  0]LogXGEController: Cannot use XGE Controller as Incredibuild is not installed on this machine.
[2018.05.18-07.26.34:851][  0]LogShaderCompilers: Cannot use XGE Shader Compiler as Incredibuild is not installed on this machine.
[2018.05.18-07.26.34:851][  0]LogShaderCompilers: Display: Using Local Shader Compiler.
[2018.05.18-07.26.36:544][  0]LogDerivedDataCache: Display: Max Cache Size: 512 MB
[2018.05.18-07.26.36:874][  0]LogDerivedDataCache: Loaded boot cache 0.33s 86MB C:/Users/PC/AppData/Local/UnrealEngine/4.19/DerivedDataCache/Boot.ddc.
[2018.05.18-07.26.36:874][  0]LogDerivedDataCache: Display: Loaded Boot cache: C:/Users/PC/AppData/Local/UnrealEngine/4.19/DerivedDataCache/Boot.ddc
[2018.05.18-07.26.36:874][  0]LogDerivedDataCache: FDerivedDataBackendGraph:  Pak pak cache file E:/Hide & Seek Project/DerivedDataCache/DDC.ddp not found, will not use a pak cache.
[2018.05.18-07.26.36:874][  0]LogDerivedDataCache: Unable to find inner node Pak for hierarchical cache Hierarchy.
[2018.05.18-07.26.36:874][  0]LogDerivedDataCache: FDerivedDataBackendGraph:  CompressedPak pak cache file E:/Hide & Seek Project/DerivedDataCache/Compressed.ddp not found, will not use a pak cache.
[2018.05.18-07.26.36:874][  0]LogDerivedDataCache: Unable to find inner node CompressedPak for hierarchical cache Hierarchy.
[2018.05.18-07.26.36:903][  0]LogDerivedDataCache: Display: Pak cache opened for reading ../../../Engine/DerivedDataCache/Compressed.ddp.
[2018.05.18-07.26.36:915][  0]LogDerivedDataCache: Using Local data cache path C:/Users/PC/AppData/Local/UnrealEngine/Common/DerivedDataCache: Writable
[2018.05.18-07.26.36:915][  0]LogDerivedDataCache: Shared data cache path not found in *engine.ini, will not use an Shared cache.
[2018.05.18-07.26.36:915][  0]LogDerivedDataCache: Unable to find inner node Shared for hierarchical cache Hierarchy.
[2018.05.18-07.26.36:947][  0]LogMaterial: Verifying Global Shaders for PCD3D_SM5
[2018.05.18-07.26.36:955][  0]LogSlate: Using Freetype 2.6.0
[2018.05.18-07.26.36:967][  0]LogSlate: SlateFontCache - WITH_FREETYPE: 1, WITH_HARFBUZZ: 1
[2018.05.18-07.26.36:967][  0]LogSlate: SlateFontCache - WITH_FREETYPE: 1, WITH_HARFBUZZ: 1
[2018.05.18-07.26.39:467][  0]LogAssetRegistry: FAssetRegistry took 0.0281 seconds to start up
[2018.05.18-07.26.39:902][  0]LogInit: Selected Device Profile: [Windows]
[2018.05.18-07.26.40:298][  0]LogSimplygon: Simplygon DLL not present - disabling.
[2018.05.18-07.26.40:303][  0]LogMeshReduction: Using SimplygonSwarm for distributed automatic mesh merging
[2018.05.18-07.26.40:303][  0]LogMeshReduction: Using QuadricMeshReduction for automatic static mesh reduction
[2018.05.18-07.26.40:304][  0]LogMeshReduction: No automatic skeletal mesh reduction module available
[2018.05.18-07.26.40:304][  0]LogMeshReduction: No automatic mesh merging module available
[2018.05.18-07.26.40:304][  0]LogMeshMerging: No automatic mesh merging module available
[2018.05.18-07.26.40:374][  0]LogNetVersion: Unreal_Adv_Template , NetCL: 3944462, EngineNetVer: 2, GameNetVer: 0 (Checksum: 3720868657)
[2018.05.18-07.26.41:652][  0]LogPackageLocalizationCache: Processed 9 localized package path(s) for 2 prioritized culture(s) in 0.078302 seconds
[2018.05.18-07.26.41:658][  0]LogUObjectArray: 36761 objects as part of root set at end of initial load.
[2018.05.18-07.26.41:658][  0]LogUObjectAllocator: 7320280 out of 0 bytes used by permanent object pool.
[2018.05.18-07.26.41:658][  0]LogUObjectArray: CloseDisregardForGC: 0/0 objects in disregard for GC pool
[2018.05.18-07.26.46:410][  0]LogTcpMessaging: Initializing TcpMessaging bridge
[2018.05.18-07.26.46:432][  0]LogUdpMessaging: Initializing bridge on interface 0.0.0.0:0 to multicast group 230.0.0.1:6666.
[2018.05.18-07.26.46:769][  0]SourceControl: Source control is disabled
[2018.05.18-07.26.46:769][  0]SourceControl: Source control is disabled
[2018.05.18-07.26.46:781][  0]SourceControl: Source control is disabled
[2018.05.18-07.26.46:793][  0]SourceControl: Source control is disabled
[2018.05.18-07.26.47:188][  0]LogAndroidPermission: UAndroidPermissionCallbackProxy::GetInstance
[2018.05.18-07.26.47:283][  0]LogOcInput: OculusInput pre-init called
[2018.05.18-07.26.47:435][  0]LogEngine: Initializing Engine...
[2018.05.18-07.26.47:440][  0]LogHMD: Failed to initialize OpenVR with code 110
[2018.05.18-07.26.47:446][  0]LogStats: UGameplayTagsManager::ConstructGameplayTagTree: Construct from data asset -  0.000 s
[2018.05.18-07.26.47:446][  0]LogStats: UGameplayTagsManager::ConstructGameplayTagTree: GameplayTagTreeChangedEvent.Broadcast -  0.000 s
[2018.05.18-07.26.48:028][  0]LogAIModule: Creating AISystem for world Untitled
[2018.05.18-07.26.48:041][  0]LogInit: XAudio2 using 'Headphones (High Definition Audio Device)' : 2 channels at 44.1 kHz using 16 bits per sample (channel mask 0x3)
[2018.05.18-07.26.48:048][  0]LogInit: FAudioDevice initialized.
[2018.05.18-07.26.48:127][  0]LogDerivedDataCache: Saved boot cache 0.08s 91MB C:/Users/PC/AppData/Local/UnrealEngine/4.19/DerivedDataCache/Boot.ddc.
[2018.05.18-07.26.48:145][  0]LogInit: Texture streaming: Enabled
[2018.05.18-07.26.48:162][  0]LogEngineSessionManager: EngineSessionManager initialized
[2018.05.18-07.26.48:182][  0]LogInit: Transaction tracking system initialized
[2018.05.18-07.26.48:232][  0]BlueprintLog: New page: Editor Load
[2018.05.18-07.26.48:384][  0]LocalizationService: Localization service is disabled
[2018.05.18-07.26.48:584][  0]LogConsoleResponse: Display: 
[2018.05.18-07.26.49:045][  0]LogFileCache: Scanning file cache for directory 'E:/Hide & Seek Project/Content/' took 0.02s
[2018.05.18-07.26.49:045][  0]LogCook: Display: Max memory allowance for cook 16384mb min free memory 0mb
[2018.05.18-07.26.49:045][  0]LogCook: Display: Mobile HDR setting 1
[2018.05.18-07.26.49:045][  0]LogGameplayTags: Display: UGameplayTagsManager::DoneAddingNativeTags. DelegateIsBound: 0
[2018.05.18-07.26.49:045][  0]LogStats: UGameplayTagsManager::ConstructGameplayTagTree: Construct from data asset -  0.000 s
[2018.05.18-07.26.49:045][  0]LogStats: UGameplayTagsManager::ConstructGameplayTagTree: GameplayTagTreeChangedEvent.Broadcast -  0.000 s
[2018.05.18-07.26.49:489][  0]SourceControl: Source control is disabled
[2018.05.18-07.26.49:492][  0]Cmd: MAP LOAD FILE="E:/Hide & Seek Project/Content/VirtualRealityBP/Maps/StartupMap.umap" TEMPLATE=0 SHOWPROGRESS=1 FEATURELEVEL=3
[2018.05.18-07.26.49:502][  0]LightingResults: New page: Lighting Build
[2018.05.18-07.26.49:510][  0]MapCheck: New page: Map Check
[2018.05.18-07.26.49:510][  0]LightingResults: New page: Lighting Build
[2018.05.18-07.26.49:757][  0]LogSkeletalMesh: Skeletal Mesh found in DDC [3.446445ms] /Game/VirtualReality/Mannequin/Character/Mesh/MannequinHand_Right.MannequinHand_Right
[2018.05.18-07.26.49:802][  0]LogAIModule: Creating AISystem for world StartupMap
[2018.05.18-07.26.49:849][  0]LogEditorServer: Finished looking for orphan Actors (0.000 secs)
[2018.05.18-07.26.49:866][  0]Cmd: MAP CHECKDEP NOCLEARLOG
[2018.05.18-07.26.49:904][  0]MapCheck: Map check complete: 0 Error(s), 0 Warning(s), took 37.396ms to complete.
[2018.05.18-07.26.49:904][  0]LogFileHelpers: Loading map 'StartupMap' took 0.413
[2018.05.18-07.26.50:098][  0]LogCollectionManager: Loaded 0 collections in 0.001153 seconds
[2018.05.18-07.26.50:160][  0]LogFileCache: Scanning file cache for directory 'E:/Hide & Seek Project/Saved/Collections/' took 0.01s
[2018.05.18-07.26.50:160][  0]LogFileCache: Scanning file cache for directory 'E:/Hide & Seek Project/Content/Developers/PC/Collections/' took 0.01s
[2018.05.18-07.26.50:160][  0]LogFileCache: Scanning file cache for directory 'E:/Hide & Seek Project/Content/Collections/' took 0.01s
[2018.05.18-07.26.50:160][  0]LogCollectionManager: Rebuilt the GUID cache for 0 collections in 0.000001 seconds
[2018.05.18-07.26.50:170][  0]LogContentBrowser: Native class hierarchy populated in 0.0088 seconds. Added 2457 classes and 564 folders.
[2018.05.18-07.26.50:183][  0]LogContentBrowser: Native class hierarchy updated for 'WidgetCarousel' in 0.0002 seconds. Added 0 classes and 0 folders.
[2018.05.18-07.26.50:605][  0]LogContentBrowser: Native class hierarchy updated for 'AddContentDialog' in 0.0002 seconds. Added 0 classes and 0 folders.
[2018.05.18-07.26.50:617][  0]LogContentBrowser: Native class hierarchy updated for 'SceneOutliner' in 0.0002 seconds. Added 1 classes and 2 folders.
[2018.05.18-07.26.50:795][  0]LogSlate: Took 0.007422 seconds to synchronously load lazily loaded font '../../../Engine/Content/Slate/Fonts/Roboto-Regular.ttf' (155K)
[2018.05.18-07.26.50:802][  0]LogSlate: Took 0.005590 seconds to synchronously load lazily loaded font '../../../Engine/Content/Slate/Fonts/Roboto-Bold.ttf' (160K)
[2018.05.18-07.26.50:813][  0]LogSlate: Took 0.004684 seconds to synchronously load lazily loaded font '../../../Engine/Content/Editor/Slate/Fonts/FontAwesome.ttf' (139K)
[2018.05.18-07.26.50:970][  0]LogRenderer: Reallocating scene render targets to support 1208x576 Format 26 NumSamples 1 (Frame:1).
[2018.05.18-07.26.51:158][  0]LogContentBrowser: Native class hierarchy updated for 'HierarchicalLODOutliner' in 0.0002 seconds. Added 0 classes and 0 folders.
[2018.05.18-07.26.51:158][  0]LogLoad: (Engine Initialization) Total time: 26.62 seconds
[2018.05.18-07.26.51:158][  0]LogLoad: (Engine Initialization) Total Blueprint compile time: 0.00 seconds
[2018.05.18-07.26.51:527][  0]LogContentStreaming: Texture pool size now 1000 MB
[2018.05.18-07.26.51:614][  0]LogSlate: Took 0.007686 seconds to synchronously load lazily loaded font '../../../Engine/Content/Slate/Fonts/Roboto-Light.ttf' (167K)
[2018.05.18-07.26.52:506][  3]LogAssetRegistry: Asset discovery search completed in 13.0605 seconds
[2018.05.18-07.26.52:508][  3]LogCollectionManager: Rebuilt the object cache for 0 collections in 0.000000 seconds (found 0 objects)
[2018.05.18-07.26.52:508][  3]LogCollectionManager: Fixed up redirectors for 0 collections in 0.000089 seconds (updated 0 objects)
[2018.05.18-07.29.05:677][525]LogSlate: FSceneViewport::OnFocusLost() reason 0
[2018.05.18-07.29.05:838][544]LogSlate: Took 0.000140 seconds to synchronously load lazily loaded font '../../../Engine/Content/Slate/Fonts/Roboto-Light.ttf' (167K)
[2018.05.18-07.29.05:925][544]LogUObjectGlobals: Created PersistentFrame Addr=0x0000006f578433e8, Size=24, Default__RightHand_AnimBP_C Function /Game/VirtualReality/Mannequin/Animations/RightHand_AnimBP.RightHand_AnimBP_C:ExecuteUbergraph_RightHand_AnimBP
[2018.05.18-07.29.05:935][544]LogUObjectGlobals: Destroyed PersistentFrame Addr=0x0000006f578433e8, Size=24
[2018.05.18-07.29.05:935][544]LogUObjectGlobals: Created PersistentFrame Addr=0x0000006f578433e8, Size=24, Default__RightHand_AnimBP_C Function /Engine/Transient.REINST_RightHand_AnimBP_C_0:ExecuteUbergraph_RightHand_AnimBP
[2018.05.18-07.29.05:947][544]LogUObjectGlobals: Created PersistentFrame Addr=0x0000006f57840f28, Size=24, Default__RightHand_AnimBP_C Function /Game/VirtualReality/Mannequin/Animations/RightHand_AnimBP.RightHand_AnimBP_C:ExecuteUbergraph_RightHand_AnimBP
[2018.05.18-07.29.06:043][544]LogUObjectGlobals: Created PersistentFrame Addr=0x0000006f35ddec00, Size=976, Default__BP_MotionController_C Function /Game/VirtualRealityBP/Blueprints/BP_MotionController.BP_MotionController_C:ExecuteUbergraph_BP_MotionController
[2018.05.18-07.29.06:076][544]LogUObjectGlobals: Destroyed PersistentFrame Addr=0x0000006f35ddec00, Size=976
[2018.05.18-07.29.06:076][544]LogUObjectGlobals: Created PersistentFrame Addr=0x0000006f35ddec00, Size=976, Default__BP_MotionController_C Function /Engine/Transient.REINST_BP_MotionController_C_8:ExecuteUbergraph_BP_MotionController
[2018.05.18-07.29.06:083][544]LogBlueprint: Warning: [Compiler BP_MotionController] Set Hand  is deprecated; please replace or remove it.
[2018.05.18-07.29.06:083][544]LogBlueprint: Warning: [Compiler BP_MotionController] Set Hand  is deprecated; Please use the Motion Source property instead of Hand
[2018.05.18-07.29.06:088][544]LogBlueprint: Warning: [Compiler BP_MotionController] ProjectPointToNavigation_DEPRECATED  is deprecated; This version of ProjectPointToNavigation is deprecated. Please use the new version
[2018.05.18-07.29.06:105][544]LogUObjectGlobals: Created PersistentFrame Addr=0x0000006f35ddd000, Size=1016, Default__BP_MotionController_C Function /Game/VirtualRealityBP/Blueprints/BP_MotionController.BP_MotionController_C:ExecuteUbergraph_BP_MotionController
[2018.05.18-07.29.06:109][544]LogBlueprint: Warning: [Compiler BP_MotionController] [0161.57] Compile of BP_MotionController successful, but with 3 Warning(s) [in 43 ms] (/Game/VirtualRealityBP/Blueprints/BP_MotionController.BP_MotionController)
[2018.05.18-07.29.06:120][544]LogUObjectGlobals: Created PersistentFrame Addr=0x0000006f2db21be0, Size=28, Default__MyVRGameMode_C Function /Game/MyVRGameMode.MyVRGameMode_C:ExecuteUbergraph_MyVRGameMode
[2018.05.18-07.29.06:128][544]LogUObjectGlobals: Created PersistentFrame Addr=0x0000006f68702c00, Size=544, Default__MotionControllerPawn_C Function /Game/VirtualRealityBP/Blueprints/MotionControllerPawn.MotionControllerPawn_C:ExecuteUbergraph_MotionControllerPawn
[2018.05.18-07.29.06:152][544]LogUObjectGlobals: Destroyed PersistentFrame Addr=0x0000006f68702c00, Size=544
[2018.05.18-07.29.06:152][544]LogUObjectGlobals: Created PersistentFrame Addr=0x0000006f68702c00, Size=544, Default__MotionControllerPawn_C Function /Engine/Transient.REINST_MotionControllerPawn_C_10:ExecuteUbergraph_MotionControllerPawn
[2018.05.18-07.29.06:153][544]LogUObjectGlobals: Destroyed PersistentFrame Addr=0x0000006f2db21be0, Size=28
[2018.05.18-07.29.06:153][544]LogUObjectGlobals: Created PersistentFrame Addr=0x0000006f35d303c0, Size=28, Default__MyVRGameMode_C Function /Engine/Transient.REINST_MyVRGameMode_C_11:ExecuteUbergraph_MyVRGameMode
[2018.05.18-07.29.06:168][544]LogUObjectGlobals: Created PersistentFrame Addr=0x0000006f68904400, Size=544, Default__MotionControllerPawn_C Function /Game/VirtualRealityBP/Blueprints/MotionControllerPawn.MotionControllerPawn_C:ExecuteUbergraph_MotionControllerPawn
[2018.05.18-07.29.06:169][544]LogUObjectGlobals: Created PersistentFrame Addr=0x0000006f685b36a0, Size=28, Default__MyVRGameMode_C Function /Game/MyVRGameMode.MyVRGameMode_C:ExecuteUbergraph_MyVRGameMode
[2018.05.18-07.29.06:221][544]LogUObjectGlobals: Created PersistentFrame Addr=0x0000006f685b3460, Size=32, Default__BP_PickupStone_C Function /Game/VirtualRealityBP/Blueprints/BP_PickupStone.BP_PickupStone_C:ExecuteUbergraph_BP_PickupStone
[2018.05.18-07.29.06:223][544]LogUObjectGlobals: Destroyed PersistentFrame Addr=0x0000006f685b3460, Size=32
[2018.05.18-07.29.06:223][544]LogUObjectGlobals: Created PersistentFrame Addr=0x0000006f685b3460, Size=32, Default__BP_PickupStone_C Function /Engine/Transient.REINST_BP_PickupStone_C_18:ExecuteUbergraph_BP_PickupStone
[2018.05.18-07.29.06:225][544]LogUObjectGlobals: Created PersistentFrame Addr=0x0000006f685b2320, Size=32, Default__BP_PickupStone_C Function /Game/VirtualRealityBP/Blueprints/BP_PickupStone.BP_PickupStone_C:ExecuteUbergraph_BP_PickupStone
[2018.05.18-07.29.06:396][544]LogUObjectGlobals: Created PersistentFrame Addr=0x0000006f6881bc40, Size=288, Default__Blueprint_CeilingLight_C Function /Game/StarterContent/Blueprints/Blueprint_CeilingLight.Blueprint_CeilingLight_C:ExecuteUbergraph_Blueprint_CeilingLight
[2018.05.18-07.29.06:399][544]LogUObjectGlobals: Destroyed PersistentFrame Addr=0x0000006f6881bc40, Size=288
[2018.05.18-07.29.06:399][544]LogUObjectGlobals: Created PersistentFrame Addr=0x0000006f6881bc40, Size=288, Default__Blueprint_CeilingLight_C Function /Engine/Transient.REINST_Blueprint_CeilingLight_C_20:ExecuteUbergraph_Blueprint_CeilingLight
[2018.05.18-07.29.06:401][544]LogUObjectGlobals: Created PersistentFrame Addr=0x0000006f6881b600, Size=288, Default__Blueprint_CeilingLight_C Function /Game/StarterContent/Blueprints/Blueprint_CeilingLight.Blueprint_CeilingLight_C:ExecuteUbergraph_Blueprint_CeilingLight
[2018.05.18-07.29.06:451][544]LogUObjectGlobals: Created PersistentFrame Addr=0x0000006f685b0ae0, Size=32, Default__Bp_Wand_C Function /Game/VirtualRealityBP/Blueprints/Bp_Wand.Bp_Wand_C:ExecuteUbergraph_Bp_Wand
[2018.05.18-07.29.06:454][544]LogUObjectGlobals: Destroyed PersistentFrame Addr=0x0000006f685b0ae0, Size=32
[2018.05.18-07.29.06:454][544]LogUObjectGlobals: Created PersistentFrame Addr=0x0000006f685b0ae0, Size=32, Default__Bp_Wand_C Function /Engine/Transient.REINST_Bp_Wand_C_22:ExecuteUbergraph_Bp_Wand
[2018.05.18-07.29.06:456][544]LogUObjectGlobals: Created PersistentFrame Addr=0x0000006f2db22240, Size=32, Default__Bp_Wand_C Function /Game/VirtualRealityBP/Blueprints/Bp_Wand.Bp_Wand_C:ExecuteUbergraph_Bp_Wand
[2018.05.18-07.29.06:617][544]LogUObjectGlobals: Created PersistentFrame Addr=0x0000006f42bf1ee0, Size=144, Default__map_apartment_C Function /Game/Assets/map_apartment.map_apartment_C:ExecuteUbergraph_map_apartment
[2018.05.18-07.29.06:620][544]LogUObjectGlobals: Destroyed PersistentFrame Addr=0x0000006f42bf1ee0, Size=144
[2018.05.18-07.29.06:620][544]LogUObjectGlobals: Created PersistentFrame Addr=0x0000006f42bf0a40, Size=144, Default__map_apartment_C Function /Engine/Transient.REINST_map_apartment_C_24:ExecuteUbergraph_map_apartment
[2018.05.18-07.29.06:622][544]LogUObjectGlobals: Created PersistentFrame Addr=0x0000006f3a334680, Size=144, Default__map_apartment_C Function /Game/Assets/map_apartment.map_apartment_C:ExecuteUbergraph_map_apartment
[2018.05.18-07.29.07:254][544]LogMaterial: Missing cached shader map for material M_Window_Frame, compiling. 
[2018.05.18-07.29.07:256][544]LogMaterial: Warning: E:\Hide & Seek Project\Content\Assets\material\M_Window_Frame.uasset: Failed to compile Material for platform PCD3D_SM5, Default Material will be used in game.
[2018.05.18-07.29.07:256][544]LogMaterial: 	(Node TextureSample) TextureSample> Sampler type is Color, should be Linear Color for /Game/Assets/textures/m_window_frame_occlusionroughnessmetallic.m_window_frame_occlusionroughnessmetallic
[2018.05.18-07.29.07:657][544]LogAIModule: Creating AISystem for world map_apartment
[2018.05.18-07.29.07:687][544]LogUObjectGlobals: Destroyed PersistentFrame Addr=0x0000006f578433e8, Size=24
[2018.05.18-07.29.07:687][544]LogUObjectGlobals: Destroyed PersistentFrame Addr=0x0000006f35ddec00, Size=976
[2018.05.18-07.29.07:688][544]LogUObjectGlobals: Destroyed PersistentFrame Addr=0x0000006f35d303c0, Size=28
[2018.05.18-07.29.07:688][544]LogUObjectGlobals: Destroyed PersistentFrame Addr=0x0000006f68702c00, Size=544
[2018.05.18-07.29.07:688][544]LogUObjectGlobals: Destroyed PersistentFrame Addr=0x0000006f685b3460, Size=32
[2018.05.18-07.29.07:688][544]LogUObjectGlobals: Destroyed PersistentFrame Addr=0x0000006f6881bc40, Size=288
[2018.05.18-07.29.07:688][544]LogUObjectGlobals: Destroyed PersistentFrame Addr=0x0000006f685b0ae0, Size=32
[2018.05.18-07.29.07:688][544]LogUObjectGlobals: Destroyed PersistentFrame Addr=0x0000006f42bf0a40, Size=144
[2018.05.18-07.29.07:692][544]Cmd: MAP LOAD FILE="E:/Hide & Seek Project/Content/Assets/map_apartment.umap" TEMPLATE=0 SHOWPROGRESS=1 FEATURELEVEL=3
[2018.05.18-07.29.07:692][544]LightingResults: New page: Lighting Build
[2018.05.18-07.29.07:692][544]LoadErrors: New page: Loading map: map_apartment.umap
[2018.05.18-07.29.07:694][544]MapCheck: New page: Map Check
[2018.05.18-07.29.07:694][544]LightingResults: New page: Lighting Build
[2018.05.18-07.29.07:789][544]LogEditorServer: Finished looking for orphan Actors (0.000 secs)
[2018.05.18-07.29.07:830][544]Cmd: MAP CHECKDEP NOCLEARLOG
[2018.05.18-07.29.07:890][544]MapCheck: Map check complete: 0 Error(s), 0 Warning(s), took 60.576ms to complete.
[2018.05.18-07.29.07:892][544]LogFileHelpers: Loading map 'map_apartment' took 0.201
[2018.05.18-07.29.09:748][688]LogContentBrowser: Native class hierarchy updated for 'BlueprintGraph' in 0.0006 seconds. Added 116 classes and 0 folders.
[2018.05.18-07.29.10:083][688]LogUObjectGlobals: Created PersistentFrame Addr=0x0000006f78479d98, Size=4, Default__SKEL_PROTO_BP_AnimBlueprint_0_C Function /Engine/Transient.SKEL_PROTO_BP_AnimBlueprint_0_C:ExecuteUbergraph_PROTO_BP_AnimBlueprint_0
[2018.05.18-07.29.10:084][688]LogUObjectGlobals: Created PersistentFrame Addr=0x0000006f78479d90, Size=4, Default__PROTO_BP_AnimBlueprint_0_C Function /Engine/Transient.PROTO_BP_AnimBlueprint_0_C:ExecuteUbergraph_PROTO_BP_AnimBlueprint_0
[2018.05.18-07.29.10:618][688]LogSlate: Took 0.004280 seconds to synchronously load lazily loaded font '../../../Engine/Content/Slate/Fonts/Roboto-BoldCondensed.ttf' (158K)
[2018.05.18-07.29.10:741][689]LogSlate: Took 0.004583 seconds to synchronously load lazily loaded font '../../../Engine/Content/Slate/Fonts/Roboto-Italic.ttf' (157K)
[2018.05.18-07.29.34:798][830]LogSlate: Window 'Blueprint_CeilingLight' being destroyed
[2018.05.18-07.29.34:801][830]LogSlate: Window 'Blueprint_CeilingLight' being destroyed
[2018.05.18-07.29.47:155][299]LogEditorViewport: Clicking on Actor (LMB): Blueprint_CeilingLight_C (Blueprint_CeilingLight)
[2018.05.18-07.29.51:595][828]LogEditorViewport: Clicking on Actor (LMB): Blueprint_CeilingLight_C (Blueprint_CeilingLight)
[2018.05.18-07.29.52:318][912]LogEditorViewport: Clicking on Actor (LMB): Blueprint_CeilingLight_C (Blueprint_CeilingLight)
[2018.05.18-07.29.53:406][ 40]LogSlate: FSceneViewport::OnFocusLost() reason 0
[2018.05.18-07.29.55:173][160]LogRenderer: Reallocating scene render targets to support 1208x712 Format 26 NumSamples 1 (Frame:1).
[2018.05.18-07.30.04:404][914]LogSlate: FSceneViewport::OnFocusLost() reason 0
[2018.05.18-07.30.04:501][924]LogSlate: Window 'Blueprint_CeilingLight' being destroyed
[2018.05.18-07.30.04:504][924]LogSlate: Window 'Blueprint_CeilingLight' being destroyed
[2018.05.18-07.30.07:706][288]LogSlate: Window 'Unreal_Adv_Template - Unreal Editor' being destroyed
[2018.05.18-07.30.07:707][288]LogWindowsTextInputMethodSystem: Display: IME system now deactivated.
[2018.05.18-07.30.07:872][289]Cmd: QUIT_EDITOR
[2018.05.18-07.30.07:898][289]LogSlate: Slate User Destroyed.  User Index 0, Is Virtual User: 0
[2018.05.18-07.30.07:898][289]LogExit: Preparing to exit.
[2018.05.18-07.30.08:557][289]PIE: UWidget::RemoveFromParent() called on '/Game/Assets/map_apartment.map_apartment:None' which has no UMG parent (if it was added directly to a native Slate widget via TakeWidget() then it must be removed explicitly rather than via RemoveFromParent())
[2018.05.18-07.30.08:557][289]PIE: UWidget::RemoveFromParent() called on '/Game/Assets/map_apartment.map_apartment:None' which has no UMG parent (if it was added directly to a native Slate widget via TakeWidget() then it must be removed explicitly rather than via RemoveFromParent())
[2018.05.18-07.30.08:608][289]LogExit: Editor shut down
[2018.05.18-07.30.08:612][289]LogExit: Transaction tracking system shut down
[2018.05.18-07.30.08:613][289]LogUObjectGlobals: Destroyed PersistentFrame Addr=0x0000006f57840f28, Size=24
[2018.05.18-07.30.08:613][289]LogUObjectGlobals: Destroyed PersistentFrame Addr=0x0000006f35ddd000, Size=1016
[2018.05.18-07.30.08:613][289]LogUObjectGlobals: Destroyed PersistentFrame Addr=0x0000006f68904400, Size=544
[2018.05.18-07.30.08:613][289]LogUObjectGlobals: Destroyed PersistentFrame Addr=0x0000006f685b36a0, Size=28
[2018.05.18-07.30.08:613][289]LogUObjectGlobals: Destroyed PersistentFrame Addr=0x0000006f685b2320, Size=32
[2018.05.18-07.30.08:613][289]LogUObjectGlobals: Destroyed PersistentFrame Addr=0x0000006f6881b600, Size=288
[2018.05.18-07.30.08:613][289]LogUObjectGlobals: Destroyed PersistentFrame Addr=0x0000006f2db22240, Size=32
[2018.05.18-07.30.08:615][289]LogUObjectGlobals: Destroyed PersistentFrame Addr=0x0000006f3a334680, Size=144
[2018.05.18-07.30.08:616][289]LogUObjectGlobals: Destroyed PersistentFrame Addr=0x0000006f78479d98, Size=4
[2018.05.18-07.30.08:616][289]LogUObjectGlobals: Destroyed PersistentFrame Addr=0x0000006f78479d90, Size=4
[2018.05.18-07.30.08:860][289]LogDirectoryWatcher: A directory notification for '../../../Engine/Content/' was aborted.
[2018.05.18-07.30.08:860][289]LogDirectoryWatcher: A directory notification for 'E:/Hide & Seek Project/Content/' was aborted.
[2018.05.18-07.30.08:860][289]LogDirectoryWatcher: A directory notification for '../../Plugins/2D/Paper2D/Content/' was aborted.
[2018.05.18-07.30.08:860][289]LogDirectoryWatcher: A directory notification for '../../Plugins/Enterprise/DatasmithContent/Content/' was aborted.
[2018.05.18-07.30.08:860][289]LogDirectoryWatcher: A directory notification for '../../Plugins/Media/MediaCompositing/Content/' was aborted.
[2018.05.18-07.30.08:861][289]LogDirectoryWatcher: A directory notification for '../../Plugins/Runtime/AppleARKit/Content/' was aborted.
[2018.05.18-07.30.08:861][289]LogDirectoryWatcher: A directory notification for '../../Plugins/Runtime/Oculus/OculusVR/Content/' was aborted.
[2018.05.18-07.30.08:861][289]LogDirectoryWatcher: A directory notification for '../../Plugins/Runtime/Steam/SteamVR/Content/' was aborted.
[2018.05.18-07.30.09:009][289]LogExit: Object subsystem successfully closed.
[2018.05.18-07.30.09:027][289]LogShaderCompilers: Display: Shaders left to compile 0
[2018.05.18-07.30.09:031][289]LogD3D11RHI: Shutdown
[2018.05.18-07.30.09:031][289]LogD3D11RHI: CleanupD3DDevice
[2018.05.18-07.30.09:032][289]LogD3D11RHI: ~FD3D11DynamicRHI
[2018.05.18-07.30.09:053][289]LogModuleManager: Shutting down and abandoning module BlueprintGraph (580)
[2018.05.18-07.30.09:053][289]LogModuleManager: Shutting down and abandoning module HierarchicalLODOutliner (578)
[2018.05.18-07.30.09:053][289]LogModuleManager: Shutting down and abandoning module SceneOutliner (576)
[2018.05.18-07.30.09:053][289]LogModuleManager: Shutting down and abandoning module AddContentDialog (574)
[2018.05.18-07.30.09:054][289]LogDirectoryWatcher: A directory notification for 'C:/Program Files/Epic Games/UE_4.19/FeaturePacks/' was aborted.
[2018.05.18-07.30.09:055][289]LogModuleManager: Shutting down and abandoning module WidgetCarousel (573)
[2018.05.18-07.30.09:055][289]LogModuleManager: Shutting down and abandoning module EditorWidgets (570)
[2018.05.18-07.30.09:055][289]LogModuleManager: Shutting down and abandoning module CollectionManager (568)
[2018.05.18-07.30.09:055][289]LogDirectoryWatcher: A directory notification for 'E:/Hide & Seek Project/Content/Collections/' was aborted.
[2018.05.18-07.30.09:055][289]LogDirectoryWatcher: A directory notification for 'E:/Hide & Seek Project/Content/Developers/PC/Collections/' was aborted.
[2018.05.18-07.30.09:055][289]LogDirectoryWatcher: A directory notification for 'E:/Hide & Seek Project/Saved/Collections/' was aborted.
[2018.05.18-07.30.09:055][289]LogModuleManager: Shutting down and abandoning module StatsViewer (566)
[2018.05.18-07.30.09:055][289]LogModuleManager: Shutting down and abandoning module FoliageEdit (564)
[2018.05.18-07.30.09:055][289]LogModuleManager: Shutting down and abandoning module LandscapeEditor (562)
[2018.05.18-07.30.09:056][289]LogModuleManager: Shutting down and abandoning module MeshPaintMode (560)
[2018.05.18-07.30.09:056][289]LogModuleManager: Shutting down and abandoning module SceneDepthPickerMode (558)
[2018.05.18-07.30.09:056][289]LogModuleManager: Shutting down and abandoning module ActorPickerMode (556)
[2018.05.18-07.30.09:056][289]LogModuleManager: Shutting down and abandoning module GeometryMode (554)
[2018.05.18-07.30.09:056][289]LogModuleManager: Shutting down and abandoning module TextureAlignMode (552)
[2018.05.18-07.30.09:056][289]LogModuleManager: Shutting down and abandoning module BspMode (550)
[2018.05.18-07.30.09:056][289]LogModuleManager: Shutting down and abandoning module PIEPreviewDeviceProfileSelector (548)
[2018.05.18-07.30.09:056][289]LogModuleManager: Shutting down and abandoning module HardwareSurvey (546)
[2018.05.18-07.30.09:056][289]LogModuleManager: Shutting down and abandoning module SequenceRecorderSections (544)
[2018.05.18-07.30.09:056][289]LogModuleManager: Shutting down and abandoning module AutomationWorker (542)
[2018.05.18-07.30.09:056][289]LogModuleManager: Shutting down and abandoning module OculusAudioEditor (540)
[2018.05.18-07.30.09:056][289]LogModuleManager: Shutting down and abandoning module AudioCaptureEditor (538)
[2018.05.18-07.30.09:056][289]LogModuleManager: Shutting down and abandoning module SequenceRecorder (537)
[2018.05.18-07.30.09:056][289]LogModuleManager: Shutting down and abandoning module MatineeToLevelSequence (534)
[2018.05.18-07.30.09:056][289]LogModuleManager: Shutting down and abandoning module LevelSequenceEditor (532)
[2018.05.18-07.30.09:057][289]LogModuleManager: Shutting down and abandoning module PlacementMode (531)
[2018.05.18-07.30.09:057][289]LogModuleManager: Shutting down and abandoning module MaterialEditor (530)
[2018.05.18-07.30.09:059][289]LogModuleManager: Shutting down and abandoning module WmfMediaFactory (526)
[2018.05.18-07.30.09:059][289]LogModuleManager: Shutting down and abandoning module WmfMediaEditor (524)
[2018.05.18-07.30.09:059][289]LogModuleManager: Shutting down and abandoning module MediaPlayerEditor (522)
[2018.05.18-07.30.09:059][289]LogModuleManager: Shutting down and abandoning module OpenExrWrapper (520)
[2018.05.18-07.30.09:059][289]LogModuleManager: Shutting down and abandoning module ImgMediaFactory (518)
[2018.05.18-07.30.09:059][289]LogModuleManager: Shutting down and abandoning module ImgMediaEditor (516)
[2018.05.18-07.30.09:059][289]LogModuleManager: Shutting down and abandoning module AvfMediaFactory (514)
[2018.05.18-07.30.09:059][289]LogModuleManager: Shutting down and abandoning module AvfMediaEditor (512)
[2018.05.18-07.30.09:059][289]LogModuleManager: Shutting down and abandoning module AndroidMediaFactory (510)
[2018.05.18-07.30.09:059][289]LogModuleManager: Shutting down and abandoning module AndroidMediaEditor (508)
[2018.05.18-07.30.09:059][289]LogModuleManager: Shutting down and abandoning module CharacterAI (506)
[2018.05.18-07.30.09:059][289]LogModuleManager: Shutting down and abandoning module SmartSnapping (504)
[2018.05.18-07.30.09:059][289]LogModuleManager: Shutting down and abandoning module SessionServices (502)
[2018.05.18-07.30.09:059][289]LogModuleManager: Shutting down and abandoning module ViewportSnapping (500)
[2018.05.18-07.30.09:059][289]LogModuleManager: Shutting down and abandoning module ViewportInteraction (498)
[2018.05.18-07.30.09:059][289]LogModuleManager: Shutting down and abandoning module ClothPainter (496)
[2018.05.18-07.30.09:059][289]LogModuleManager: Shutting down and abandoning module SkeletalMeshEditor (495)
[2018.05.18-07.30.09:061][289]LogModuleManager: Shutting down and abandoning module LogVisualizer (492)
[2018.05.18-07.30.09:061][289]LogModuleManager: Shutting down and abandoning module IntroTutorials (490)
[2018.05.18-07.30.09:061][289]LogModuleManager: Shutting down and abandoning module GameProjectGeneration (489)
[2018.05.18-07.30.09:062][289]LogModuleManager: Shutting down and abandoning module IOSPlatformEditor (486)
[2018.05.18-07.30.09:062][289]LogModuleManager: Shutting down and abandoning module HTML5PlatformEditor (484)
[2018.05.18-07.30.09:062][289]LogModuleManager: Shutting down and abandoning module AndroidPlatformEditor (482)
[2018.05.18-07.30.09:062][289]LogModuleManager: Shutting down and abandoning module AndroidDeviceDetection (481)
[2018.05.18-07.30.09:521][289]LogModuleManager: Shutting down and abandoning module WindowsPlatformEditor (478)
[2018.05.18-07.30.09:521][289]LogModuleManager: Shutting down and abandoning module IOSRuntimeSettings (476)
[2018.05.18-07.30.09:521][289]LogModuleManager: Shutting down and abandoning module AndroidRuntimeSettings (474)
[2018.05.18-07.30.09:521][289]LogModuleManager: Shutting down and abandoning module InputBindingEditor (472)
[2018.05.18-07.30.09:521][289]LogModuleManager: Shutting down and abandoning module MergeActors (470)
[2018.05.18-07.30.09:522][289]LogModuleManager: Shutting down and abandoning module LocalizationDashboard (468)
[2018.05.18-07.30.09:522][289]LogModuleManager: Shutting down and abandoning module LocalizationService (467)
[2018.05.18-07.30.09:523][289]LogModuleManager: Shutting down and abandoning module HardwareTargeting (464)
[2018.05.18-07.30.09:523][289]LogModuleManager: Shutting down and abandoning module DeviceProfileEditor (462)
[2018.05.18-07.30.09:523][289]LogModuleManager: Shutting down and abandoning module UndoHistory (460)
[2018.05.18-07.30.09:523][289]LogModuleManager: Shutting down and abandoning module XmlParser (458)
[2018.05.18-07.30.09:523][289]LogModuleManager: Shutting down and abandoning module Blutility (456)
[2018.05.18-07.30.09:523][289]LogModuleManager: Shutting down and abandoning module ProjectSettingsViewer (454)
[2018.05.18-07.30.09:523][289]LogModuleManager: Shutting down and abandoning module ProjectTargetPlatformEditor (453)
[2018.05.18-07.30.09:523][289]LogModuleManager: Shutting down and abandoning module EditorSettingsViewer (450)
[2018.05.18-07.30.09:524][289]LogModuleManager: Shutting down and abandoning module SettingsEditor (448)
[2018.05.18-07.30.09:525][289]LogModuleManager: Shutting down and abandoning module ProjectLauncher (446)
[2018.05.18-07.30.09:525][289]LogModuleManager: Shutting down and abandoning module SessionFrontend (444)
[2018.05.18-07.30.09:526][289]LogModuleManager: Shutting down and abandoning module ProfilerClient (442)
[2018.05.18-07.30.09:526][289]LogModuleManager: Shutting down and abandoning module DeviceManager (440)
[2018.05.18-07.30.09:526][289]LogModuleManager: Shutting down and abandoning module TargetDeviceServices (439)
[2018.05.18-07.30.09:579][289]LogModuleManager: Shutting down and abandoning module AutomationController (436)
[2018.05.18-07.30.09:579][289]LogModuleManager: Shutting down and abandoning module AutomationWindow (434)
[2018.05.18-07.30.09:581][289]LogModuleManager: Shutting down and abandoning module Layers (432)
[2018.05.18-07.30.09:583][289]LogModuleManager: Shutting down and abandoning module ComponentVisualizers (430)
[2018.05.18-07.30.09:583][289]LogModuleManager: Shutting down and abandoning module DetailCustomizations (428)
[2018.05.18-07.30.09:583][289]LogModuleManager: Shutting down and abandoning module PackagesDialog (426)
[2018.05.18-07.30.09:584][289]LogModuleManager: Shutting down and abandoning module Persona (424)
[2018.05.18-07.30.09:585][289]LogModuleManager: Shutting down and abandoning module AdvancedPreviewScene (423)
[2018.05.18-07.30.09:585][289]LogModuleManager: Shutting down and abandoning module AnimGraph (421)
[2018.05.18-07.30.09:585][289]LogModuleManager: Shutting down and abandoning module Kismet (418)
[2018.05.18-07.30.09:601][289]LogModuleManager: Shutting down and abandoning module GraphEditor (416)
[2018.05.18-07.30.09:601][289]LogModuleManager: Shutting down and abandoning module ClassViewer (414)
[2018.05.18-07.30.09:601][289]LogModuleManager: Shutting down and abandoning module Toolbox (412)
[2018.05.18-07.30.09:601][289]LogModuleManager: Shutting down and abandoning module ModuleUI (410)
[2018.05.18-07.30.09:601][289]LogModuleManager: Shutting down and abandoning module MovieSceneTools (408)
[2018.05.18-07.30.09:602][289]LogModuleManager: Shutting down and abandoning module OutputLog (406)
[2018.05.18-07.30.09:602][289]LogModuleManager: Shutting down and abandoning module GammaUI (404)
[2018.05.18-07.30.09:602][289]LogModuleManager: Shutting down and abandoning module Documentation (402)
[2018.05.18-07.30.09:602][289]LogModuleManager: Shutting down and abandoning module MovieSceneTracks (400)
[2018.05.18-07.30.09:603][289]LogModuleManager: Shutting down and abandoning module MovieScene (398)
[2018.05.18-07.30.09:603][289]LogModuleManager: Shutting down and abandoning module StreamingPauseRendering (396)
[2018.05.18-07.30.09:603][289]LogModuleManager: Shutting down and abandoning module LauncherPlatform (394)
[2018.05.18-07.30.09:603][289]LogModuleManager: Shutting down and abandoning module AnalyticsET (392)
[2018.05.18-07.30.09:603][289]LogModuleManager: Shutting down and abandoning module PortalServices (390)
[2018.05.18-07.30.09:603][289]LogModuleManager: Shutting down and abandoning module PortalRpc (388)
[2018.05.18-07.30.09:603][289]LogModuleManager: Shutting down and abandoning module MessagingRpc (386)
[2018.05.18-07.30.09:603][289]LogModuleManager: Shutting down and abandoning module AIModule (384)
[2018.05.18-07.30.09:603][289]LogModuleManager: Shutting down and abandoning module GameplayDebugger (383)
[2018.05.18-07.30.09:604][289]LogModuleManager: Shutting down and abandoning module AITestSuite (381)
[2018.05.18-07.30.09:604][289]LogModuleManager: Shutting down and abandoning module DesktopPlatform (378)
[2018.05.18-07.30.09:604][289]LogModuleManager: Shutting down and abandoning module ProfilerService (376)
[2018.05.18-07.30.09:613][289]LogModuleManager: Shutting down and abandoning module TaskGraph (374)
[2018.05.18-07.30.09:614][289]LogModuleManager: Shutting down and abandoning module SteamVRController (372)
[2018.05.18-07.30.09:614][289]LogModuleManager: Shutting down and abandoning module ProceduralMeshComponentEditor (370)
[2018.05.18-07.30.09:614][289]LogModuleManager: Shutting down and abandoning module ProceduralMeshComponent (368)
[2018.05.18-07.30.09:614][289]LogModuleManager: Shutting down and abandoning module OculusInput (366)
[2018.05.18-07.30.09:614][289]LogModuleManager: Shutting down and abandoning module MobilePatchingUtils (364)
[2018.05.18-07.30.09:614][289]LogModuleManager: Shutting down and abandoning module CustomMeshComponent (362)
[2018.05.18-07.30.09:614][289]LogModuleManager: Shutting down and abandoning module CableComponent (360)
[2018.05.18-07.30.09:614][289]LogModuleManager: Shutting down and abandoning module AudioCapture (358)
[2018.05.18-07.30.09:614][289]LogModuleManager: Shutting down and abandoning module ArchVisCharacter (356)
[2018.05.18-07.30.09:614][289]LogModuleManager: Shutting down and abandoning module AndroidPermission (354)
[2018.05.18-07.30.09:614][289]LogModuleManager: Shutting down and abandoning module NUTUnrealEngine4 (350)
[2018.05.18-07.30.09:615][289]LogModuleManager: Shutting down and abandoning module NetcodeUnitTest (348)
[2018.05.18-07.30.09:615][289]LogModuleManager: Shutting down and abandoning module MediaCompositingEditor (346)
[2018.05.18-07.30.09:615][289]LogModuleManager: Shutting down and abandoning module MediaCompositing (344)
[2018.05.18-07.30.09:615][289]LogModuleManager: Shutting down and abandoning module LinearTimecode (342)
[2018.05.18-07.30.09:615][289]LogModuleManager: Shutting down and abandoning module ImgMedia (340)
[2018.05.18-07.30.09:621][289]LogModuleManager: Shutting down and abandoning module HTML5Networking (338)
[2018.05.18-07.30.09:621][289]LogModuleManager: Shutting down and abandoning module AlembicImporter (336)
[2018.05.18-07.30.09:621][289]LogModuleManager: Shutting down and abandoning module AlembicLibrary (335)
[2018.05.18-07.30.09:621][289]LogModuleManager: Shutting down and abandoning module GeometryCache (334)
[2018.05.18-07.30.09:621][289]LogModuleManager: Shutting down and abandoning module GeometryCacheEd (333)
[2018.05.18-07.30.09:621][289]LogModuleManager: Shutting down and abandoning module DatasmithContent (328)
[2018.05.18-07.30.09:621][289]LogModuleManager: Shutting down and abandoning module SpeedTreeImporter (326)
[2018.05.18-07.30.09:621][289]LogModuleManager: Shutting down and abandoning module PluginBrowser (324)
[2018.05.18-07.30.09:621][289]LogModuleManager: Shutting down and abandoning module MobileLauncherProfileWizard (322)
[2018.05.18-07.30.09:622][289]LogModuleManager: Shutting down and abandoning module CryptoKeysOpenSSL (320)
[2018.05.18-07.30.09:622][289]LogModuleManager: Shutting down and abandoning module CryptoKeys (318)
[2018.05.18-07.30.09:622][289]LogModuleManager: Shutting down and abandoning module VisualStudioSourceCodeAccess (316)
[2018.05.18-07.30.09:622][289]LogModuleManager: Shutting down and abandoning module VisualStudioCodeSourceCodeAccess (314)
[2018.05.18-07.30.09:622][289]LogModuleManager: Shutting down and abandoning module UObjectPlugin (312)
[2018.05.18-07.30.09:622][289]LogModuleManager: Shutting down and abandoning module SubversionSourceControl (310)
[2018.05.18-07.30.09:622][289]LogModuleManager: Shutting down and abandoning module PerforceSourceControl (308)
[2018.05.18-07.30.09:622][289]LogModuleManager: Shutting down and abandoning module GitSourceControl (306)
[2018.05.18-07.30.09:622][289]LogModuleManager: Shutting down and abandoning module SourceControl (305)
[2018.05.18-07.30.09:622][289]LogModuleManager: Shutting down and abandoning module CLionSourceCodeAccess (302)
[2018.05.18-07.30.09:622][289]LogModuleManager: Shutting down and abandoning module LightPropagationVolumeEditor (300)
[2018.05.18-07.30.09:622][289]LogModuleManager: Shutting down and abandoning module PaperTiledImporter (298)
[2018.05.18-07.30.09:622][289]LogModuleManager: Shutting down and abandoning module PaperSpriteSheetImporter (296)
[2018.05.18-07.30.09:622][289]LogModuleManager: Shutting down and abandoning module Paper2DEditor (294)
[2018.05.18-07.30.09:623][289]LogModuleManager: Shutting down and abandoning module MeshPaint (293)
[2018.05.18-07.30.09:623][289]LogModuleManager: Shutting down and abandoning module RuntimePhysXCooking (290)
[2018.05.18-07.30.09:623][289]LogModuleManager: Shutting down and abandoning module PhysXVehiclesEditor (288)
[2018.05.18-07.30.09:623][289]LogModuleManager: Shutting down and abandoning module PhysXVehicles (286)
[2018.05.18-07.30.09:623][289]LogModuleManager: Shutting down and abandoning module OculusEditor (284)
[2018.05.18-07.30.09:623][289]LogModuleManager: Shutting down and abandoning module LocationServicesBPLibrary (282)
[2018.05.18-07.30.09:623][289]LogModuleManager: Shutting down and abandoning module ImmediatePhysicsEditor (280)
[2018.05.18-07.30.09:623][289]LogModuleManager: Shutting down and abandoning module ImmediatePhysics (278)
[2018.05.18-07.30.09:623][289]LogModuleManager: Shutting down and abandoning module ActorSequence (276)
[2018.05.18-07.30.09:623][289]LogModuleManager: Shutting down and abandoning module UdpMessaging (274)
[2018.05.18-07.30.09:724][289]LogModuleManager: Shutting down and abandoning module TcpMessaging (272)
[2018.05.18-07.30.09:824][289]LogModuleManager: Shutting down and abandoning module GameplayTagsEditor (270)
[2018.05.18-07.30.09:824][289]LogModuleManager: Shutting down and abandoning module FacialAnimationEditor (268)
[2018.05.18-07.30.09:824][289]LogModuleManager: Shutting down and abandoning module FacialAnimation (266)
[2018.05.18-07.30.09:824][289]LogModuleManager: Shutting down and abandoning module DataValidation (264)
[2018.05.18-07.30.09:824][289]LogModuleManager: Shutting down and abandoning module AssetManagerEditor (262)
[2018.05.18-07.30.09:825][289]LogModuleManager: Shutting down and abandoning module LevelEditor (261)
[2018.05.18-07.30.09:827][289]LogModuleManager: Shutting down and abandoning module PixelInspectorModule (260)
[2018.05.18-07.30.09:827][289]LogModuleManager: Shutting down and abandoning module CommonMenuExtensions (258)
[2018.05.18-07.30.09:828][289]LogModuleManager: Shutting down and abandoning module MainFrame (256)
[2018.05.18-07.30.09:828][289]LogModuleManager: Shutting down and abandoning module HotReload (255)
[2018.05.18-07.30.09:829][289]LogModuleManager: Shutting down and abandoning module ContentBrowser (251)
[2018.05.18-07.30.09:835][289]LogModuleManager: Shutting down and abandoning module TreeMap (249)
[2018.05.18-07.30.09:835][289]LogModuleManager: Shutting down and abandoning module LightPropagationVolumeRuntime (246)
[2018.05.18-07.30.09:835][289]LogModuleManager: Shutting down and abandoning module LiveLinkEditor (244)
[2018.05.18-07.30.09:835][289]LogModuleManager: Shutting down and abandoning module LiveLink (242)
[2018.05.18-07.30.09:907][289]LogModuleManager: Shutting down and abandoning module Paper2D (240)
[2018.05.18-07.30.09:907][289]LogModuleManager: Shutting down and abandoning module WindowsMoviePlayer (238)
[2018.05.18-07.30.09:907][289]LogModuleManager: Shutting down and abandoning module WmfMedia (236)
[2018.05.18-07.30.09:907][289]LogModuleManager: Shutting down and abandoning module Media (235)
[2018.05.18-07.30.09:913][289]LogModuleManager: Shutting down and abandoning module PacketHandler (232)
[2018.05.18-07.30.09:913][289]LogModuleManager: Shutting down and abandoning module ClothingSystemEditor (230)
[2018.05.18-07.30.09:913][289]LogModuleManager: Shutting down and abandoning module ClothingSystemRuntime (228)
[2018.05.18-07.30.09:914][289]LogModuleManager: Shutting down and abandoning module MediaAssets (226)
[2018.05.18-07.30.09:914][289]LogModuleManager: Shutting down and abandoning module Overlay (224)
[2018.05.18-07.30.09:914][289]LogModuleManager: Shutting down and abandoning module OverlayEditor (223)
[2018.05.18-07.30.09:914][289]LogModuleManager: Shutting down and abandoning module VREditor (220)
[2018.05.18-07.30.09:914][289]LogModuleManager: Shutting down and abandoning module StringTableEditor (218)
[2018.05.18-07.30.09:914][289]LogModuleManager: Shutting down and abandoning module GameplayTasksEditor (216)
[2018.05.18-07.30.09:914][289]LogModuleManager: Shutting down and abandoning module BehaviorTreeEditor (214)
[2018.05.18-07.30.09:915][289]LogModuleManager: Shutting down and abandoning module FunctionalTesting (212)
[2018.05.18-07.30.09:915][289]LogModuleManager: Shutting down and abandoning module CollisionAnalyzer (210)
[2018.05.18-07.30.09:915][289]LogModuleManager: Shutting down and abandoning module WorkspaceMenuStructure (209)
[2018.05.18-07.30.09:915][289]LogModuleManager: Shutting down and abandoning module UMG (206)
[2018.05.18-07.30.09:915][289]LogModuleManager: Shutting down and abandoning module UMGEditor (205)
[2018.05.18-07.30.09:916][289]LogModuleManager: Shutting down and abandoning module Sequencer (204)
[2018.05.18-07.30.09:917][289]LogModuleManager: Shutting down and abandoning module MessageLog (201)
[2018.05.18-07.30.09:917][289]LogModuleManager: Shutting down and abandoning module SlateReflector (196)
[2018.05.18-07.30.09:918][289]LogModuleManager: Shutting down and abandoning module Slate (194)
[2018.05.18-07.30.09:919][289]LogModuleManager: Shutting down and abandoning module EditorStyle (192)
[2018.05.18-07.30.09:920][289]LogModuleManager: Shutting down and abandoning module MRMesh (190)
[2018.05.18-07.30.09:920][289]LogModuleManager: Shutting down and abandoning module SourceCodeAccess (188)
[2018.05.18-07.30.09:920][289]LogModuleManager: Shutting down and abandoning module HeadMountedDisplay (186)
[2018.05.18-07.30.09:920][289]LogModuleManager: Shutting down and abandoning module XAudio2 (184)
[2018.05.18-07.30.09:920][289]LogModuleManager: Shutting down and abandoning module Networking (182)
[2018.05.18-07.30.09:920][289]LogModuleManager: Shutting down and abandoning module Core (180)
[2018.05.18-07.30.09:920][289]LogModuleManager: Shutting down and abandoning module LevelSequence (178)
[2018.05.18-07.30.09:920][289]LogModuleManager: Shutting down and abandoning module KismetCompiler (176)
[2018.05.18-07.30.09:920][289]LogModuleManager: Shutting down and abandoning module MeshUtilities (174)
[2018.05.18-07.30.09:921][289]LogModuleManager: Shutting down and abandoning module MeshMergeUtilities (173)
[2018.05.18-07.30.09:921][289]LogModuleManager: Shutting down and abandoning module MeshReductionInterface (172)
[2018.05.18-07.30.09:921][289]LogModuleManager: Shutting down and abandoning module SimplygonSwarm (171)
[2018.05.18-07.30.09:921][289]LogModuleManager: Shutting down and abandoning module SimplygonMeshReduction (169)
[2018.05.18-07.30.09:921][289]LogModuleManager: Shutting down and abandoning module QuadricMeshReduction (167)
[2018.05.18-07.30.09:921][289]LogModuleManager: Shutting down and abandoning module MaterialBaking (163)
[2018.05.18-07.30.09:921][289]LogModuleManager: Shutting down and abandoning module DirectoryWatcher (159)
[2018.05.18-07.30.09:922][289]LogModuleManager: Shutting down and abandoning module DerivedDataCache (156)
[2018.05.18-07.30.09:929][289]LogDerivedDataCache: Shutdown
[2018.05.18-07.30.09:929][289]LogModuleManager: Shutting down and abandoning module XGEController (154)
[2018.05.18-07.30.09:929][289]LogModuleManager: Shutting down and abandoning module TargetPlatform (152)
[2018.05.18-07.30.09:929][289]LogModuleManager: Shutting down and abandoning module VulkanShaderFormat (151)
[2018.05.18-07.30.09:929][289]LogModuleManager: Shutting down and abandoning module ShaderFormatVectorVM (149)
[2018.05.18-07.30.09:930][289]LogModuleManager: Shutting down and abandoning module ShaderFormatOpenGL (147)
[2018.05.18-07.30.09:930][289]LogModuleManager: Shutting down and abandoning module ShaderFormatD3D (145)
[2018.05.18-07.30.09:930][289]LogModuleManager: Shutting down and abandoning module MetalShaderFormat (143)
[2018.05.18-07.30.09:930][289]LogModuleManager: Shutting down and abandoning module TextureFormatUncompressed (141)
[2018.05.18-07.30.09:930][289]LogModuleManager: Shutting down and abandoning module TextureFormatPVR (139)
[2018.05.18-07.30.09:930][289]LogModuleManager: Shutting down and abandoning module TextureFormatDXT (137)
[2018.05.18-07.30.09:930][289]LogModuleManager: Shutting down and abandoning module TextureFormatIntelISPCTexComp (135)
[2018.05.18-07.30.09:930][289]LogModuleManager: Shutting down and abandoning module TextureFormatASTC (133)
[2018.05.18-07.30.09:930][289]LogModuleManager: Shutting down and abandoning module ImageWrapper (132)
[2018.05.18-07.30.09:930][289]LogModuleManager: Shutting down and abandoning module TextureFormatAndroid (129)
[2018.05.18-07.30.09:930][289]LogModuleManager: Shutting down and abandoning module AudioFormatOpus (127)
[2018.05.18-07.30.09:930][289]LogModuleManager: Shutting down and abandoning module AudioFormatOgg (125)
[2018.05.18-07.30.09:930][289]LogModuleManager: Shutting down and abandoning module AudioFormatADPCM (123)
[2018.05.18-07.30.09:930][289]LogModuleManager: Shutting down and abandoning module LinuxTargetPlatform (121)
[2018.05.18-07.30.09:930][289]LogModuleManager: Shutting down and abandoning module LinuxServerTargetPlatform (119)
[2018.05.18-07.30.09:930][289]LogModuleManager: Shutting down and abandoning module LinuxNoEditorTargetPlatform (117)
[2018.05.18-07.30.09:930][289]LogModuleManager: Shutting down and abandoning module LinuxClientTargetPlatform (115)
[2018.05.18-07.30.09:930][289]LogModuleManager: Shutting down and abandoning module TVOSTargetPlatform (113)
[2018.05.18-07.30.09:930][289]LogModuleManager: Shutting down and abandoning module Messaging (111)
[2018.05.18-07.30.09:930][289]LogModuleManager: Shutting down and abandoning module IOSTargetPlatform (109)
[2018.05.18-07.30.09:930][289]LogModuleManager: Shutting down and abandoning module HTML5TargetPlatform (107)
[2018.05.18-07.30.09:930][289]LogModuleManager: Shutting down and abandoning module AndroidTargetPlatform (105)
[2018.05.18-07.30.09:930][289]LogModuleManager: Shutting down and abandoning module Android_PVRTCTargetPlatform (103)
[2018.05.18-07.30.09:930][289]LogModuleManager: Shutting down and abandoning module Android_MultiTargetPlatform (101)
[2018.05.18-07.30.09:931][289]LogModuleManager: Shutting down and abandoning module Android_ETC2TargetPlatform (99)
[2018.05.18-07.30.09:931][289]LogModuleManager: Shutting down and abandoning module Android_ETC1TargetPlatform (97)
[2018.05.18-07.30.09:931][289]LogModuleManager: Shutting down and abandoning module Android_ETC1aTargetPlatform (95)
[2018.05.18-07.30.09:931][289]LogModuleManager: Shutting down and abandoning module Android_DXTTargetPlatform (93)
[2018.05.18-07.30.09:931][289]LogModuleManager: Shutting down and abandoning module Android_ATCTargetPlatform (91)
[2018.05.18-07.30.09:931][289]LogModuleManager: Shutting down and abandoning module Android_ASTCTargetPlatform (89)
[2018.05.18-07.30.09:931][289]LogModuleManager: Shutting down and abandoning module WindowsTargetPlatform (87)
[2018.05.18-07.30.09:931][289]LogModuleManager: Shutting down and abandoning module WindowsServerTargetPlatform (85)
[2018.05.18-07.30.09:931][289]LogModuleManager: Shutting down and abandoning module WindowsNoEditorTargetPlatform (83)
[2018.05.18-07.30.09:931][289]LogModuleManager: Shutting down and abandoning module WindowsClientTargetPlatform (81)
[2018.05.18-07.30.09:931][289]LogModuleManager: Shutting down and abandoning module MacTargetPlatform (79)
[2018.05.18-07.30.09:931][289]LogModuleManager: Shutting down and abandoning module MacServerTargetPlatform (77)
[2018.05.18-07.30.09:931][289]LogModuleManager: Shutting down and abandoning module MacNoEditorTargetPlatform (75)
[2018.05.18-07.30.09:931][289]LogModuleManager: Shutting down and abandoning module MacClientTargetPlatform (73)
[2018.05.18-07.30.09:931][289]LogModuleManager: Shutting down and abandoning module AllDesktopTargetPlatform (71)
[2018.05.18-07.30.09:931][289]LogModuleManager: Shutting down and abandoning module InputCore (68)
[2018.05.18-07.30.09:931][289]LogModuleManager: Shutting down and abandoning module Settings (66)
[2018.05.18-07.30.09:931][289]LogModuleManager: Shutting down and abandoning module PhysXCooking (64)
[2018.05.18-07.30.09:931][289]LogModuleManager: Shutting down and abandoning module SteamVR (62)
[2018.05.18-07.30.09:931][289]LogModuleManager: Shutting down and abandoning module OculusHMD (60)
[2018.05.18-07.30.09:931][289]LogModuleManager: Shutting down and abandoning module OculusAudio (58)
[2018.05.18-07.30.09:931][289]LogModuleManager: Shutting down and abandoning module ExampleDeviceProfileSelector (56)
[2018.05.18-07.30.09:931][289]LogModuleManager: Shutting down and abandoning module AppleARKit (54)
[2018.05.18-07.30.09:931][289]LogModuleManager: Shutting down and abandoning module AugmentedReality (51)
[2018.05.18-07.30.09:931][289]LogModuleManager: Shutting down and abandoning module OnlineBlueprintSupport (48)
[2018.05.18-07.30.09:931][289]LogModuleManager: Shutting down and abandoning module OnlineSubsystem (44)
[2018.05.18-07.30.09:931][289]LogModuleManager: Shutting down and abandoning module XMPP (43)
[2018.05.18-07.30.09:932][289]LogModuleManager: Shutting down and abandoning module HTTP (41)
[2018.05.18-07.30.09:932][289]LogHttp: Display: Http module shutting down, but needs to wait on 1 outstanding Http requests:
[2018.05.18-07.30.09:932][289]LogHttp: Display: 	verb=[POST] url=[https://datarouter.ol.epicgames.com/datarouter/api/v1/public/data?SessionID=%7BDD82B3B5-4096-E0A2-8F71-AE9F2B7DFD6F%7D&AppID=UEEditor.Rocket.Release&AppVersion=4.19.2-4033788%2B%2B%2BUE4%2BRelease-4.19&UserID=3958fa434fe3fa957d6be48aaa90ea15%7Cb236dd803ade49f8b31bd1a22232fb97%7C685b8946-b2e6-4bbb-9299-95628d7a4218&AppEnvironment=datacollector-binary&UploadType=eteventstream] status=Processing
[2018.05.18-07.30.09:966][289]LogModuleManager: Shutting down and abandoning module SSL (40)
[2018.05.18-07.30.09:966][289]LogModuleManager: Shutting down and abandoning module AnimationModifiers (36)
[2018.05.18-07.30.09:967][289]LogModuleManager: Shutting down and abandoning module PropertyEditor (35)
[2018.05.18-07.30.09:967][289]LogModuleManager: Shutting down and abandoning module AudioEditor (32)
[2018.05.18-07.30.09:967][289]LogModuleManager: Shutting down and abandoning module TextureCompressor (30)
[2018.05.18-07.30.09:968][289]LogModuleManager: Shutting down and abandoning module ShaderCore (28)
[2018.05.18-07.30.09:968][289]LogModuleManager: Shutting down and abandoning module Landscape (26)
[2018.05.18-07.30.09:968][289]LogModuleManager: Shutting down and abandoning module SlateRHIRenderer (24)
[2018.05.18-07.30.09:969][289]LogModuleManager: Shutting down and abandoning module OpenGLDrv (22)
[2018.05.18-07.30.09:969][289]LogModuleManager: Shutting down and abandoning module D3D11RHI (20)
[2018.05.18-07.30.09:969][289]LogModuleManager: Shutting down and abandoning module AnimGraphRuntime (18)
[2018.05.18-07.30.09:969][289]LogModuleManager: Shutting down and abandoning module Renderer (16)
[2018.05.18-07.30.09:969][289]LogModuleManager: Shutting down and abandoning module Engine (14)
[2018.05.18-07.30.09:969][289]LogModuleManager: Shutting down and abandoning module CoreUObject (12)
[2018.05.18-07.30.09:969][289]LogModuleManager: Shutting down and abandoning module NetworkFile (10)
[2018.05.18-07.30.09:969][289]LogModuleManager: Shutting down and abandoning module CookedIterativeFile (8)
[2018.05.18-07.30.09:969][289]LogModuleManager: Shutting down and abandoning module StreamingFile (6)
[2018.05.18-07.30.09:969][289]LogModuleManager: Shutting down and abandoning module SandboxFile (4)
[2018.05.18-07.30.09:970][289]LogModuleManager: Shutting down and abandoning module PakFile (2)
[2018.05.18-07.30.09:974][289]LogExit: Exiting.
[2018.05.18-07.30.09:987][289]Log file closed, 05/18/18 13:00:09
