Log file open, 05/21/18 18:36:55
LogWindows: Failed to load 'aqProf.dll' (GetLastError=126)
LogWindows: File 'aqProf.dll' does not exist
LogWindows: Failed to load 'VtuneApi.dll' (GetLastError=126)
LogWindows: File 'VtuneApi.dll' does not exist
LogWindows: Failed to load 'VtuneApi32e.dll' (GetLastError=126)
LogWindows: File 'VtuneApi32e.dll' does not exist
LogInit: Display: Running engine for game: Unreal_Adv_Template
LogPlatformFile: Not using cached read wrapper
LogInit: Display: RandInit(-1989904950) SRandInit(-1989904950).
LogInit: Read version file with build ID '3944462'
LogInit: Overriding engine version to CL 4033788, compatible CL 3944462
LogInit: Registered custom module enumerator with build ID '3944462'
LogTaskGraph: Started task graph with 5 named threads and 14 total threads with 3 sets of task threads.
LogStats: Stats thread started at 0.167662
LogD3D11RHI: Aftermath initialized
LogICUInternationalization: Display: ICU TimeZone Detection - Raw Offset: +5:30, Platform Override: ''
LogModuleManager: Display: Found up-to-date module file ../../../Engine/Plugins/Runtime/Oculus/OculusAudio/Binaries/Win64/UE4Editor-OculusAudio.dll (API version 3944462).
LogModuleManager: Display: Found up-to-date module file ../../../Engine/Plugins/Runtime/Oculus/OculusAudio/Binaries/Win64/UE4Editor-OculusAudioEditor.dll (API version 3944462).
LogModuleManager: Display: Found up-to-date module file ../../../Engine/Plugins/2D/Paper2D/Binaries/Win64/UE4Editor-Paper2D.dll (API version 3944462).
LogModuleManager: Display: Found up-to-date module file ../../../Engine/Plugins/2D/Paper2D/Binaries/Win64/UE4Editor-Paper2DEditor.dll (API version 3944462).
LogModuleManager: Display: Found up-to-date module file ../../../Engine/Plugins/2D/Paper2D/Binaries/Win64/UE4Editor-PaperSpriteSheetImporter.dll (API version 3944462).
LogModuleManager: Display: Found up-to-date module file ../../../Engine/Plugins/2D/Paper2D/Binaries/Win64/UE4Editor-PaperTiledImporter.dll (API version 3944462).
LogModuleManager: Display: Found up-to-date module file ../../../Engine/Plugins/2D/Paper2D/Binaries/Win64/UE4Editor-SmartSnapping.dll (API version 3944462).
LogModuleManager: Display: Found up-to-date module file ../../../Engine/Plugins/Blendables/LightPropagationVolume/Binaries/Win64/UE4Editor-LightPropagationVolumeRuntime.dll (API version 3944462).
LogModuleManager: Display: Found up-to-date module file ../../../Engine/Plugins/Blendables/LightPropagationVolume/Binaries/Win64/UE4Editor-LightPropagationVolumeEditor.dll (API version 3944462).
LogModuleManager: Display: Found up-to-date module file ../../../Engine/Plugins/Developer/CLionSourceCodeAccess/Binaries/Win64/UE4Editor-CLionSourceCodeAccess.dll (API version 3944462).
LogModuleManager: Display: Found up-to-date module file ../../../Engine/Plugins/Developer/GitSourceControl/Binaries/Win64/UE4Editor-GitSourceControl.dll (API version 3944462).
LogModuleManager: Display: Found up-to-date module file ../../../Engine/Plugins/Developer/PerforceSourceControl/Binaries/Win64/UE4Editor-PerforceSourceControl.dll (API version 3944462).
LogModuleManager: Display: Found up-to-date module file ../../../Engine/Plugins/Developer/SubversionSourceControl/Binaries/Win64/UE4Editor-SubversionSourceControl.dll (API version 3944462).
LogModuleManager: Display: Found up-to-date module file ../../../Engine/Plugins/Developer/UObjectPlugin/Binaries/Win64/UE4Editor-UObjectPlugin.dll (API version 3944462).
LogModuleManager: Display: Found up-to-date module file ../../../Engine/Plugins/Developer/VisualStudioCodeSourceCodeAccess/Binaries/Win64/UE4Editor-VisualStudioCodeSourceCodeAccess.dll (API version 3944462).
LogModuleManager: Display: Found up-to-date module file ../../../Engine/Plugins/Developer/VisualStudioSourceCodeAccess/Binaries/Win64/UE4Editor-VisualStudioSourceCodeAccess.dll (API version 3944462).
LogModuleManager: Display: Found up-to-date module file ../../../Engine/Plugins/Editor/AssetManagerEditor/Binaries/Win64/UE4Editor-AssetManagerEditor.dll (API version 3944462).
LogModuleManager: Display: Found up-to-date module file ../../../Engine/Plugins/Editor/CryptoKeys/Binaries/Win64/UE4Editor-CryptoKeys.dll (API version 3944462).
LogModuleManager: Display: Found up-to-date module file ../../../Engine/Plugins/Editor/CryptoKeys/Binaries/Win64/UE4Editor-CryptoKeysOpenSSL.dll (API version 3944462).
LogModuleManager: Display: Found up-to-date module file ../../../Engine/Plugins/Editor/DataValidation/Binaries/Win64/UE4Editor-DataValidation.dll (API version 3944462).
LogModuleManager: Display: Found up-to-date module file ../../../Engine/Plugins/Editor/FacialAnimation/Binaries/Win64/UE4Editor-FacialAnimation.dll (API version 3944462).
LogModuleManager: Display: Found up-to-date module file ../../../Engine/Plugins/Editor/FacialAnimation/Binaries/Win64/UE4Editor-FacialAnimationEditor.dll (API version 3944462).
LogModuleManager: Display: Found up-to-date module file ../../../Engine/Plugins/Editor/GameplayTagsEditor/Binaries/Win64/UE4Editor-GameplayTagsEditor.dll (API version 3944462).
LogModuleManager: Display: Found up-to-date module file ../../../Engine/Plugins/Editor/MobileLauncherProfileWizard/Binaries/Win64/UE4Editor-MobileLauncherProfileWizard.dll (API version 3944462).
LogModuleManager: Display: Found up-to-date module file ../../../Engine/Plugins/Editor/PluginBrowser/Binaries/Win64/UE4Editor-PluginBrowser.dll (API version 3944462).
LogModuleManager: Display: Found up-to-date module file ../../../Engine/Plugins/Editor/SpeedTreeImporter/Binaries/Win64/UE4Editor-SpeedTreeImporter.dll (API version 3944462).
LogModuleManager: Display: Found up-to-date module file ../../../Engine/Plugins/Enterprise/DatasmithContent/Binaries/Win64/UE4Editor-DatasmithContent.dll (API version 3944462).
LogModuleManager: Display: Found up-to-date module file ../../../Engine/Plugins/Experimental/AlembicImporter/Binaries/Win64/UE4Editor-AlembicImporter.dll (API version 3944462).
LogModuleManager: Display: Found up-to-date module file ../../../Engine/Plugins/Experimental/AlembicImporter/Binaries/Win64/UE4Editor-AlembicLibrary.dll (API version 3944462).
LogModuleManager: Display: Found up-to-date module file ../../../Engine/Plugins/Experimental/CharacterAI/Binaries/Win64/UE4Editor-CharacterAI.dll (API version 3944462).
LogModuleManager: Display: Found up-to-date module file ../../../Engine/Plugins/Experimental/HTML5Networking/Binaries/Win64/UE4Editor-HTML5Networking.dll (API version 3944462).
LogModuleManager: Display: Found up-to-date module file ../../../Engine/Plugins/Media/AndroidMedia/Binaries/Win64/UE4Editor-AndroidMediaEditor.dll (API version 3944462).
LogModuleManager: Display: Found up-to-date module file ../../../Engine/Plugins/Media/AndroidMedia/Binaries/Win64/UE4Editor-AndroidMediaFactory.dll (API version 3944462).
LogModuleManager: Display: Found up-to-date module file ../../../Engine/Plugins/Media/AvfMedia/Binaries/Win64/UE4Editor-AvfMediaEditor.dll (API version 3944462).
LogModuleManager: Display: Found up-to-date module file ../../../Engine/Plugins/Media/AvfMedia/Binaries/Win64/UE4Editor-AvfMediaFactory.dll (API version 3944462).
LogModuleManager: Display: Found up-to-date module file ../../../Engine/Plugins/Media/AvfMedia/Binaries/Win64/UE4Editor-AvfMediaFactory.dll (API version 3944462).
LogModuleManager: Display: Found up-to-date module file ../../../Engine/Plugins/Media/ImgMedia/Binaries/Win64/UE4Editor-ImgMedia.dll (API version 3944462).
LogModuleManager: Display: Found up-to-date module file ../../../Engine/Plugins/Media/ImgMedia/Binaries/Win64/UE4Editor-ImgMediaEditor.dll (API version 3944462).
LogModuleManager: Display: Found up-to-date module file ../../../Engine/Plugins/Media/ImgMedia/Binaries/Win64/UE4Editor-ImgMediaFactory.dll (API version 3944462).
LogModuleManager: Display: Found up-to-date module file ../../../Engine/Plugins/Media/ImgMedia/Binaries/Win64/UE4Editor-ImgMediaFactory.dll (API version 3944462).
LogModuleManager: Display: Found up-to-date module file ../../../Engine/Plugins/Media/ImgMedia/Binaries/Win64/UE4Editor-OpenExrWrapper.dll (API version 3944462).
LogModuleManager: Display: Found up-to-date module file ../../../Engine/Plugins/Media/LinearTimecode/Binaries/Win64/UE4Editor-LinearTimecode.dll (API version 3944462).
LogModuleManager: Display: Found up-to-date module file ../../../Engine/Plugins/Media/MediaCompositing/Binaries/Win64/UE4Editor-MediaCompositing.dll (API version 3944462).
LogModuleManager: Display: Found up-to-date module file ../../../Engine/Plugins/Media/MediaCompositing/Binaries/Win64/UE4Editor-MediaCompositingEditor.dll (API version 3944462).
LogModuleManager: Display: Found up-to-date module file ../../../Engine/Plugins/Media/MediaPlayerEditor/Binaries/Win64/UE4Editor-MediaPlayerEditor.dll (API version 3944462).
LogModuleManager: Display: Found up-to-date module file ../../../Engine/Plugins/Media/WmfMedia/Binaries/Win64/UE4Editor-WmfMedia.dll (API version 3944462).
LogModuleManager: Display: Found up-to-date module file ../../../Engine/Plugins/Media/WmfMedia/Binaries/Win64/UE4Editor-WmfMediaEditor.dll (API version 3944462).
LogModuleManager: Display: Found up-to-date module file ../../../Engine/Plugins/Media/WmfMedia/Binaries/Win64/UE4Editor-WmfMediaFactory.dll (API version 3944462).
LogModuleManager: Display: Found up-to-date module file ../../../Engine/Plugins/Media/WmfMedia/Binaries/Win64/UE4Editor-WmfMediaFactory.dll (API version 3944462).
LogModuleManager: Display: Found up-to-date module file ../../../Engine/Plugins/Messaging/TcpMessaging/Binaries/Win64/UE4Editor-TcpMessaging.dll (API version 3944462).
LogModuleManager: Display: Found up-to-date module file ../../../Engine/Plugins/Messaging/UdpMessaging/Binaries/Win64/UE4Editor-UdpMessaging.dll (API version 3944462).
LogModuleManager: Display: Found up-to-date module file ../../../Engine/Plugins/MovieScene/ActorSequence/Binaries/Win64/UE4Editor-ActorSequence.dll (API version 3944462).
LogModuleManager: Display: Found up-to-date module file ../../../Engine/Plugins/MovieScene/LevelSequenceEditor/Binaries/Win64/UE4Editor-LevelSequenceEditor.dll (API version 3944462).
LogModuleManager: Display: Found up-to-date module file ../../../Engine/Plugins/MovieScene/MatineeToLevelSequence/Binaries/Win64/UE4Editor-MatineeToLevelSequence.dll (API version 3944462).
LogModuleManager: Display: Found up-to-date module file ../../../Engine/Plugins/NetcodeUnitTest/NetcodeUnitTest/Binaries/Win64/UE4Editor-NetcodeUnitTest.dll (API version 3944462).
LogModuleManager: Display: Found up-to-date module file ../../../Engine/Plugins/NetcodeUnitTest/NUTUnrealEngine4/Binaries/Win64/UE4Editor-NUTUnrealEngine4.dll (API version 3944462).
LogModuleManager: Display: Found up-to-date module file ../../../Engine/Plugins/Online/OnlineSubsystem/Binaries/Win64/UE4Editor-OnlineSubsystem.dll (API version 3944462).
LogModuleManager: Display: Found up-to-date module file ../../../Engine/Plugins/Runtime/AndroidPermission/Binaries/Win64/UE4Editor-AndroidPermission.dll (API version 3944462).
LogModuleManager: Display: Found up-to-date module file ../../../Engine/Plugins/Online/OnlineSubsystemNull/Binaries/Win64/UE4Editor-OnlineSubsystemNull.dll (API version 3944462).
LogModuleManager: Display: Found up-to-date module file ../../../Engine/Plugins/Online/OnlineSubsystemUtils/Binaries/Win64/UE4Editor-OnlineSubsystemUtils.dll (API version 3944462).
LogModuleManager: Display: Found up-to-date module file ../../../Engine/Plugins/Online/OnlineSubsystemUtils/Binaries/Win64/UE4Editor-OnlineBlueprintSupport.dll (API version 3944462).
LogModuleManager: Display: Found up-to-date module file ../../../Engine/Plugins/Runtime/AndroidDeviceProfileSelector/Binaries/Win64/UE4Editor-AndroidDeviceProfileSelector.dll (API version 3944462).
LogModuleManager: Display: Found up-to-date module file ../../../Engine/Plugins/Runtime/AppleARKit/Binaries/Win64/UE4Editor-AppleARKit.dll (API version 3944462).
LogModuleManager: Display: Found up-to-date module file ../../../Engine/Plugins/Runtime/ProceduralMeshComponent/Binaries/Win64/UE4Editor-ProceduralMeshComponent.dll (API version 3944462).
LogModuleManager: Display: Found up-to-date module file ../../../Engine/Plugins/Runtime/ProceduralMeshComponent/Binaries/Win64/UE4Editor-ProceduralMeshComponentEditor.dll (API version 3944462).
LogModuleManager: Display: Found up-to-date module file ../../../Engine/Plugins/Animation/LiveLink/Binaries/Win64/UE4Editor-LiveLink.dll (API version 3944462).
LogModuleManager: Display: Found up-to-date module file ../../../Engine/Plugins/Animation/LiveLink/Binaries/Win64/UE4Editor-LiveLinkEditor.dll (API version 3944462).
LogModuleManager: Display: Found up-to-date module file ../../../Engine/Plugins/Runtime/ArchVisCharacter/Binaries/Win64/UE4Editor-ArchVisCharacter.dll (API version 3944462).
LogModuleManager: Display: Found up-to-date module file ../../../Engine/Plugins/Runtime/AudioCapture/Binaries/Win64/UE4Editor-AudioCapture.dll (API version 3944462).
LogModuleManager: Display: Found up-to-date module file ../../../Engine/Plugins/Runtime/AudioCapture/Binaries/Win64/UE4Editor-AudioCaptureEditor.dll (API version 3944462).
LogModuleManager: Display: Found up-to-date module file ../../../Engine/Plugins/Runtime/CableComponent/Binaries/Win64/UE4Editor-CableComponent.dll (API version 3944462).
LogModuleManager: Display: Found up-to-date module file ../../../Engine/Plugins/Runtime/CustomMeshComponent/Binaries/Win64/UE4Editor-CustomMeshComponent.dll (API version 3944462).
LogModuleManager: Display: Found up-to-date module file ../../../Engine/Plugins/Runtime/ExampleDeviceProfileSelector/Binaries/Win64/UE4Editor-ExampleDeviceProfileSelector.dll (API version 3944462).
LogModuleManager: Display: Found up-to-date module file ../../../Engine/Plugins/Runtime/ImmediatePhysics/Binaries/Win64/UE4Editor-ImmediatePhysics.dll (API version 3944462).
LogModuleManager: Display: Found up-to-date module file ../../../Engine/Plugins/Runtime/ImmediatePhysics/Binaries/Win64/UE4Editor-ImmediatePhysicsEditor.dll (API version 3944462).
LogModuleManager: Display: Found up-to-date module file ../../../Engine/Plugins/Runtime/LocationServicesBPLibrary/Binaries/Win64/UE4Editor-LocationServicesBPLibrary.dll (API version 3944462).
LogModuleManager: Display: Found up-to-date module file ../../../Engine/Plugins/Runtime/MobilePatchingUtils/Binaries/Win64/UE4Editor-MobilePatchingUtils.dll (API version 3944462).
LogModuleManager: Display: Found up-to-date module file ../../../Engine/Plugins/Runtime/Oculus/OculusVR/Binaries/Win64/UE4Editor-OculusHMD.dll (API version 3944462).
LogModuleManager: Display: Found up-to-date module file ../../../Engine/Plugins/Runtime/Oculus/OculusVR/Binaries/Win64/UE4Editor-OculusInput.dll (API version 3944462).
LogModuleManager: Display: Found up-to-date module file ../../../Engine/Plugins/Runtime/Oculus/OculusVR/Binaries/Win64/UE4Editor-OculusEditor.dll (API version 3944462).
LogModuleManager: Display: Found up-to-date module file ../../../Engine/Plugins/Runtime/PhysXVehicles/Binaries/Win64/UE4Editor-PhysXVehicles.dll (API version 3944462).
LogModuleManager: Display: Found up-to-date module file ../../../Engine/Plugins/Runtime/PhysXVehicles/Binaries/Win64/UE4Editor-PhysXVehiclesEditor.dll (API version 3944462).
LogModuleManager: Display: Found up-to-date module file ../../../Engine/Plugins/Runtime/RuntimePhysXCooking/Binaries/Win64/UE4Editor-RuntimePhysXCooking.dll (API version 3944462).
LogModuleManager: Display: Found up-to-date module file ../../../Engine/Plugins/Runtime/Steam/SteamVR/Binaries/Win64/UE4Editor-SteamVR.dll (API version 3944462).
LogModuleManager: Display: Found up-to-date module file ../../../Engine/Plugins/Runtime/Steam/SteamVR/Binaries/Win64/UE4Editor-SteamVRController.dll (API version 3944462).
LogModuleManager: Display: Found up-to-date module file ../../../Engine/Plugins/Runtime/WindowsMoviePlayer/Binaries/Win64/UE4Editor-WindowsMoviePlayer.dll (API version 3944462).
LogPluginManager: Mounting plugin Paper2D
LogPluginManager: Mounting plugin LiveLink
LogPluginManager: Mounting plugin LightPropagationVolume
LogPluginManager: Mounting plugin CLionSourceCodeAccess
LogPluginManager: Mounting plugin CodeLiteSourceCodeAccess
LogPluginManager: Mounting plugin GitSourceControl
LogPluginManager: Mounting plugin KDevelopSourceCodeAccess
LogPluginManager: Mounting plugin NullSourceCodeAccess
LogPluginManager: Mounting plugin PerforceSourceControl
LogPluginManager: Mounting plugin SubversionSourceControl
LogPluginManager: Mounting plugin UObjectPlugin
LogPluginManager: Mounting plugin VisualStudioCodeSourceCodeAccess
LogPluginManager: Mounting plugin VisualStudioSourceCodeAccess
LogPluginManager: Mounting plugin XCodeSourceCodeAccess
LogPluginManager: Mounting plugin AssetManagerEditor
LogPluginManager: Mounting plugin CryptoKeys
LogPluginManager: Mounting plugin DataValidation
LogPluginManager: Mounting plugin FacialAnimation
LogPluginManager: Mounting plugin GameplayTagsEditor
LogPluginManager: Mounting plugin MobileLauncherProfileWizard
LogPluginManager: Mounting plugin PluginBrowser
LogPluginManager: Mounting plugin SpeedTreeImporter
LogPluginManager: Mounting plugin DatasmithContent
LogPluginManager: Mounting plugin AlembicImporter
LogPluginManager: Mounting plugin CharacterAI
LogPluginManager: Mounting plugin HTML5Networking
LogPluginManager: Mounting plugin AndroidMedia
LogPluginManager: Mounting plugin AvfMedia
LogPluginManager: Mounting plugin ImgMedia
LogPluginManager: Mounting plugin LinearTimecode
LogPluginManager: Mounting plugin MediaCompositing
LogPluginManager: Mounting plugin MediaPlayerEditor
LogPluginManager: Mounting plugin WmfMedia
LogPluginManager: Mounting plugin TcpMessaging
LogPluginManager: Mounting plugin UdpMessaging
LogPluginManager: Mounting plugin ActorSequence
LogPluginManager: Mounting plugin LevelSequenceEditor
LogPluginManager: Mounting plugin MatineeToLevelSequence
LogPluginManager: Mounting plugin NetcodeUnitTest
LogPluginManager: Mounting plugin NUTUnrealEngine4
LogPluginManager: Mounting plugin OnlineSubsystemGooglePlay
LogPluginManager: Mounting plugin OnlineSubsystemIOS
LogPluginManager: Mounting plugin OnlineSubsystem
LogPluginManager: Mounting plugin OnlineSubsystemNull
LogPluginManager: Mounting plugin OnlineSubsystemUtils
LogPluginManager: Mounting plugin AndroidDeviceProfileSelector
LogPluginManager: Mounting plugin AndroidMoviePlayer
LogPluginManager: Mounting plugin AndroidPermission
LogPluginManager: Mounting plugin AppleARKit
LogPluginManager: Mounting plugin AppleMoviePlayer
LogPluginManager: Mounting plugin ArchVisCharacter
LogPluginManager: Mounting plugin AudioCapture
LogPluginManager: Mounting plugin CableComponent
LogPluginManager: Mounting plugin CustomMeshComponent
LogPluginManager: Mounting plugin ExampleDeviceProfileSelector
LogPluginManager: Mounting plugin GoogleCloudMessaging
LogPluginManager: Mounting plugin ImmediatePhysics
LogPluginManager: Mounting plugin IOSDeviceProfileSelector
LogPluginManager: Mounting plugin LinuxDeviceProfileSelector
LogPluginManager: Mounting plugin LocationServicesBPLibrary
LogPluginManager: Mounting plugin MobilePatchingUtils
LogPluginManager: Mounting plugin OculusAudio
LogPluginManager: Mounting plugin OculusVR
LogPluginManager: Plugin shader directory ../../../Engine/Plugins/Runtime/Oculus/OculusVR/Shaders found
LogPluginManager: Mapping shader source directory ../../../Engine/Plugins/Runtime/Oculus/OculusVR/Shaders to virtual directory /Plugin/OculusVR
LogPluginManager: Mounting plugin PhysXVehicles
LogPluginManager: Mounting plugin ProceduralMeshComponent
LogPluginManager: Mounting plugin RuntimePhysXCooking
LogPluginManager: Mounting plugin SteamVR
LogPluginManager: Mounting plugin WindowsMoviePlayer
LogStreaming: Display: Took  0.773s to configure plugins.
LogInit: Using libcurl 7.47.1
LogInit:  - built for x86_64-pc-win32
LogInit:  - supports SSL with OpenSSL/1.0.2g
LogInit:  - supports HTTP deflate (compression) using libz 1.2.8
LogInit:  - other features:
LogInit:      CURL_VERSION_SSL
LogInit:      CURL_VERSION_LIBZ
LogInit:      CURL_VERSION_IPV6
LogInit:      CURL_VERSION_ASYNCHDNS
LogInit:      CURL_VERSION_LARGEFILE
LogInit:      CURL_VERSION_IDN
LogInit:  CurlRequestOptions (configurable via config and command line):
LogInit:  - bVerifyPeer = false  - Libcurl will NOT verify peer certificate
LogInit:  - bUseHttpProxy = false  - Libcurl will NOT use HTTP proxy
LogInit:  - bDontReuseConnections = false  - Libcurl will reuse connections
LogInit:  - CertBundlePath = nullptr  - Libcurl will use whatever was configured at build time.
LogInit:  - MaxHostConnections = 16  - Libcurl will limit the number of connections to a host
LogInit:  - LocalHostAddr = Default
LogInit: WinSock: version 1.1 (2.2), MaxSocks=32767, MaxUdp=65467
LogInit: WinSock: I am Sanket (192.168.0.4:0)
LogInit: Build: ++UE4+Release-4.19-CL-4033788
LogInit: Engine Version: 4.19.2-4033788+++UE4+Release-4.19
LogInit: Compatible Engine Version: 4.19.0-3944462+++UE4+Release-4.19
LogInit: Net CL: 3944462
LogDevObjectVersion: Number of dev versions registered: 18
LogDevObjectVersion:   Dev-Blueprints (B0D832E4-1F89-4F0D-ACCF-7EB736FD4AA2): 10
LogDevObjectVersion:   Dev-Build (E1C64328-A22C-4D53-A36C-8E866417BD8C): 0
LogDevObjectVersion:   Dev-Core (375EC13C-06E4-48FB-B500-84F0262A717E): 2
LogDevObjectVersion:   Dev-Editor (E4B068ED-F494-42E9-A231-DA0B2E46BB41): 23
LogDevObjectVersion:   Dev-Framework (CFFC743F-43B0-4480-9391-14DF171D2073): 33
LogDevObjectVersion:   Dev-Mobile (B02B49B5-BB20-44E9-A304-32B752E40360): 2
LogDevObjectVersion:   Dev-Networking (A4E4105C-59A1-49B5-A7C5-40C4547EDFEE): 0
LogDevObjectVersion:   Dev-Online (39C831C9-5AE6-47DC-9A44-9C173E1C8E7C): 0
LogDevObjectVersion:   Dev-Physics (78F01B33-EBEA-4F98-B9B4-84EACCB95AA2): 0
LogDevObjectVersion:   Dev-Platform (6631380F-2D4D-43E0-8009-CF276956A95A): 0
LogDevObjectVersion:   Dev-Rendering (12F88B9F-8875-4AFC-A67C-D90C383ABD29): 25
LogDevObjectVersion:   Dev-Sequencer (7B5AE74C-D270-4C10-A958-57980B212A5A): 6
LogDevObjectVersion:   Dev-VR (D7296918-1DD6-4BDD-9DE2-64A83CC13884): 1
LogDevObjectVersion:   Dev-LoadTimes (C2A15278-BFE7-4AFE-6C17-90FF531DF755): 1
LogDevObjectVersion:   Private-Geometry (6EACA3D4-40EC-4CC1-B786-8BED09428FC5): 2
LogDevObjectVersion:   Dev-AnimPhys (29E575DD-E0A3-4627-9D10-D276232CDCEA): 16
LogDevObjectVersion:   Dev-ReflectionCapture (6B266CEC-1EC7-4B8F-A30B-E4D90942FC07): 1
LogDevObjectVersion:   Dev-Automation (0DF73D61-A23F-47EA-B727-89E90C41499A): 1
LogInit: Compiled (64-bit): Apr 27 2018 02:06:57
LogInit: Compiled with Visual C++: 19.00.24215.01
LogInit: Build Configuration: Development
LogInit: Branch Name: ++UE4+Release-4.19
LogInit: Command Line:  
LogInit: Base Directory: C:/Program Files/Epic Games/UE_4.19/Engine/Binaries/Win64/
LogInit: Installed Engine Build: 1
LogStreaming: Display: Took  0.001s to delete old logs.
LogInit: Presizing for max 8388607 objects, including 0 objects not considered by GC, pre-allocating 0 bytes for permanent pool.
LogInit: Object subsystem initialized
[2018.05.21-13.06.56:671][  0]LogInit: Selected Device Profile: [Windows]
[2018.05.21-13.06.56:671][  0]LogInit: Applying CVar settings loaded from the selected device profile: [Windows]
[2018.05.21-13.06.56:687][  0]LogInit: Computer: SANKET
[2018.05.21-13.06.56:687][  0]LogInit: User: PC
[2018.05.21-13.06.56:687][  0]LogInit: CPU Page size=4096, Cores=4
[2018.05.21-13.06.56:687][  0]LogInit: High frequency timer resolution =2.929686 MHz
[2018.05.21-13.06.56:687][  0]LogMemory: Memory total: Physical=16.0GB (16GB approx)
[2018.05.21-13.06.56:687][  0]LogMemory: Platform Memory Stats for Windows
[2018.05.21-13.06.56:687][  0]LogMemory: Process Physical Memory: 273.84 MB used, 273.84 MB peak
[2018.05.21-13.06.56:687][  0]LogMemory: Process Virtual Memory: 271.33 MB used, 271.33 MB peak
[2018.05.21-13.06.56:687][  0]LogMemory: Physical Memory: 9016.18 MB used,  7327.78 MB free, 16343.95 MB total
[2018.05.21-13.06.56:687][  0]LogMemory: Virtual Memory: 654.61 MB used,  7327.78 MB free, 134217728.00 MB total
[2018.05.21-13.06.56:704][  0]LogInit: Using OS detected language (en-GB).
[2018.05.21-13.06.56:704][  0]LogInit: Using OS detected locale (en-IN).
[2018.05.21-13.06.56:706][  0]LogTextLocalizationManager: No specific localization for 'en-GB' exists, so the 'en' localization will be used.
[2018.05.21-13.06.57:138][  0]LogStreaming: Display: Took  0.434s to EndInitTextLocalization.
[2018.05.21-13.06.57:138][  0]LogInit: Setting process to per monitor DPI aware
[2018.05.21-13.06.57:162][  0]LogSlate: New Slate User Created.  User Index 0, Is Virtual User: 0
[2018.05.21-13.06.57:163][  0]LogSlate: Slate User Registered.  User Index 0, Is Virtual User: 0
[2018.05.21-13.06.57:323][  0]LogD3D11RHI: D3D11 adapters:
[2018.05.21-13.06.57:670][  0]LogD3D11RHI:    0. 'NVIDIA GeForce GTX 750 Ti' (Feature Level 11_0)
[2018.05.21-13.06.57:670][  0]LogD3D11RHI:       2017/0/8171 MB DedicatedVideo/DedicatedSystem/SharedSystem, Outputs:1, VendorId:0x10de
[2018.05.21-13.06.57:671][  0]LogD3D11RHI:    1. 'Microsoft Basic Render Driver' (Feature Level 11_0)
[2018.05.21-13.06.57:671][  0]LogD3D11RHI:       0/0/8171 MB DedicatedVideo/DedicatedSystem/SharedSystem, Outputs:0, VendorId:0x1414
[2018.05.21-13.06.57:671][  0]LogD3D11RHI: Chosen D3D11 Adapter: 0
[2018.05.21-13.06.57:677][  0]LogD3D11RHI: Creating new Direct3DDevice
[2018.05.21-13.06.57:677][  0]LogD3D11RHI:     GPU DeviceId: 0x1380 (for the marketing name, search the web for "GPU Device Id")
[2018.05.21-13.06.57:677][  0]LogWindows: EnumDisplayDevices:
[2018.05.21-13.06.57:677][  0]LogWindows:    0. 'NVIDIA GeForce GTX 750 Ti' (P:1 D:1)
[2018.05.21-13.06.57:677][  0]LogWindows:    1. 'NVIDIA GeForce GTX 750 Ti' (P:0 D:0)
[2018.05.21-13.06.57:677][  0]LogWindows:    2. 'NVIDIA GeForce GTX 750 Ti' (P:0 D:0)
[2018.05.21-13.06.57:678][  0]LogWindows: DebugString: FoundDriverCount:3 
[2018.05.21-13.06.57:678][  0]LogD3D11RHI:     Adapter Name: NVIDIA GeForce GTX 750 Ti
[2018.05.21-13.06.57:678][  0]LogD3D11RHI:   Driver Version: 388.13 (internal:23.21.13.8813, unified:388.13)
[2018.05.21-13.06.57:678][  0]LogD3D11RHI:      Driver Date: 10-27-2017
[2018.05.21-13.06.57:678][  0]LogRHI: Texture pool is 1412 MB (70% of 2017 MB)
[2018.05.21-13.06.57:806][  0]LogD3D11RHI: [Aftermath] Aftermath enabled but failed to initialize
[2018.05.21-13.06.57:806][  0]LogD3D11RHI: [Aftermath] Aftermath enabled and primed
[2018.05.21-13.06.57:806][  0]LogD3D11RHI: Async texture creation enabled
[2018.05.21-13.06.57:816][  0]LogD3D11RHI: GPU Timing Frequency: 1000.000000 (Debug: 2 1)
[2018.05.21-13.06.57:817][  0]LogShaderCompilers: Guid format shader working directory is 8 characters bigger than the processId version (E:/UnrealVR/UnrealVR-Final-Project/Intermediate/Shaders/WorkingDirectory/19288/).
[2018.05.21-13.06.57:817][  0]LogShaderCompilers: Cleaned the shader compiler working directory 'C:/Users/PC/AppData/Local/Temp/UnrealShaderWorkingDir/39DA7E2B4BECF1ABE15518BE41F1C03A/'.
[2018.05.21-13.06.57:982][  0]LogTemp: Display: Loaded TP AllDesktopTargetPlatform
[2018.05.21-13.06.57:995][  0]LogTemp: Display: Loaded TP MacClientTargetPlatform
[2018.05.21-13.06.58:009][  0]LogTemp: Display: Loaded TP MacNoEditorTargetPlatform
[2018.05.21-13.06.58:023][  0]LogTemp: Display: Loaded TP MacServerTargetPlatform
[2018.05.21-13.06.58:036][  0]LogTemp: Display: Loaded TP MacTargetPlatform
[2018.05.21-13.06.58:050][  0]LogTemp: Display: Loaded TP WindowsClientTargetPlatform
[2018.05.21-13.06.58:065][  0]LogTemp: Display: Loaded TP WindowsNoEditorTargetPlatform
[2018.05.21-13.06.58:079][  0]LogTemp: Display: Loaded TP WindowsServerTargetPlatform
[2018.05.21-13.06.58:086][  0]LogTemp: Display: Loaded TP WindowsTargetPlatform
[2018.05.21-13.06.58:098][  0]LogTemp: Display: Loaded TP Android_ASTCTargetPlatform
[2018.05.21-13.06.58:111][  0]LogTemp: Display: Loaded TP Android_ATCTargetPlatform
[2018.05.21-13.06.58:123][  0]LogTemp: Display: Loaded TP Android_DXTTargetPlatform
[2018.05.21-13.06.58:136][  0]LogTemp: Display: Loaded TP Android_ETC1aTargetPlatform
[2018.05.21-13.06.58:149][  0]LogTemp: Display: Loaded TP Android_ETC1TargetPlatform
[2018.05.21-13.06.58:161][  0]LogTemp: Display: Loaded TP Android_ETC2TargetPlatform
[2018.05.21-13.06.58:185][  0]LogTemp: Display: Loaded TP Android_MultiTargetPlatform
[2018.05.21-13.06.58:185][  0]LogTemp: Display: Loaded TP Android_PVRTCTargetPlatform
[2018.05.21-13.06.58:197][  0]LogTemp: Display: Loaded TP AndroidTargetPlatform
[2018.05.21-13.06.58:198][  0]LogTemp: Display: Loaded TP HTML5TargetPlatform
[2018.05.21-13.06.58:235][  0]LogTemp: Display: Loaded TP IOSTargetPlatform
[2018.05.21-13.06.58:247][  0]LogTemp: Display: Loaded TP TVOSTargetPlatform
[2018.05.21-13.06.58:259][  0]LogTemp: Display: Loaded TP LinuxClientTargetPlatform
[2018.05.21-13.06.58:272][  0]LogTemp: Display: Loaded TP LinuxNoEditorTargetPlatform
[2018.05.21-13.06.58:285][  0]LogTemp: Display: Loaded TP LinuxServerTargetPlatform
[2018.05.21-13.06.58:297][  0]LogTemp: Display: Loaded TP LinuxTargetPlatform
[2018.05.21-13.06.58:297][  0]LogTargetPlatformManager: Display: Building Assets For Windows
[2018.05.21-13.06.58:382][  0]LogXGEController: Cannot use XGE Controller as Incredibuild is not installed on this machine.
[2018.05.21-13.06.58:382][  0]LogShaderCompilers: Cannot use XGE Shader Compiler as Incredibuild is not installed on this machine.
[2018.05.21-13.06.58:382][  0]LogShaderCompilers: Display: Using Local Shader Compiler.
[2018.05.21-13.06.59:089][  0]LogDerivedDataCache: Display: Max Cache Size: 512 MB
[2018.05.21-13.06.59:167][  0]LogDerivedDataCache: Loaded boot cache 0.08s 75MB C:/Users/PC/AppData/Local/UnrealEngine/4.19/DerivedDataCache/Boot.ddc.
[2018.05.21-13.06.59:168][  0]LogDerivedDataCache: Display: Loaded Boot cache: C:/Users/PC/AppData/Local/UnrealEngine/4.19/DerivedDataCache/Boot.ddc
[2018.05.21-13.06.59:168][  0]LogDerivedDataCache: FDerivedDataBackendGraph:  Pak pak cache file E:/UnrealVR/UnrealVR-Final-Project/DerivedDataCache/DDC.ddp not found, will not use a pak cache.
[2018.05.21-13.06.59:168][  0]LogDerivedDataCache: Unable to find inner node Pak for hierarchical cache Hierarchy.
[2018.05.21-13.06.59:168][  0]LogDerivedDataCache: FDerivedDataBackendGraph:  CompressedPak pak cache file E:/UnrealVR/UnrealVR-Final-Project/DerivedDataCache/Compressed.ddp not found, will not use a pak cache.
[2018.05.21-13.06.59:168][  0]LogDerivedDataCache: Unable to find inner node CompressedPak for hierarchical cache Hierarchy.
[2018.05.21-13.06.59:184][  0]LogDerivedDataCache: Display: Pak cache opened for reading ../../../Engine/DerivedDataCache/Compressed.ddp.
[2018.05.21-13.06.59:197][  0]LogDerivedDataCache: Using Local data cache path C:/Users/PC/AppData/Local/UnrealEngine/Common/DerivedDataCache: Writable
[2018.05.21-13.06.59:197][  0]LogDerivedDataCache: Shared data cache path not found in *engine.ini, will not use an Shared cache.
[2018.05.21-13.06.59:197][  0]LogDerivedDataCache: Unable to find inner node Shared for hierarchical cache Hierarchy.
[2018.05.21-13.06.59:209][  0]LogMaterial: Verifying Global Shaders for PCD3D_SM5
[2018.05.21-13.06.59:210][  0]LogSlate: Using Freetype 2.6.0
[2018.05.21-13.06.59:210][  0]LogSlate: SlateFontCache - WITH_FREETYPE: 1, WITH_HARFBUZZ: 1
[2018.05.21-13.06.59:210][  0]LogSlate: SlateFontCache - WITH_FREETYPE: 1, WITH_HARFBUZZ: 1
[2018.05.21-13.06.59:315][  0]LogAssetRegistry: FAssetRegistry took 0.0256 seconds to start up
[2018.05.21-13.06.59:612][  0]LogInit: Selected Device Profile: [Windows]
[2018.05.21-13.06.59:750][  0]LogSimplygon: Simplygon DLL not present - disabling.
[2018.05.21-13.06.59:752][  0]LogMeshReduction: Using SimplygonSwarm for distributed automatic mesh merging
[2018.05.21-13.06.59:753][  0]LogMeshReduction: Using QuadricMeshReduction for automatic static mesh reduction
[2018.05.21-13.06.59:753][  0]LogMeshReduction: No automatic skeletal mesh reduction module available
[2018.05.21-13.06.59:753][  0]LogMeshReduction: No automatic mesh merging module available
[2018.05.21-13.06.59:753][  0]LogMeshMerging: No automatic mesh merging module available
[2018.05.21-13.06.59:776][  0]LogNetVersion: Unreal_Adv_Template , NetCL: 3944462, EngineNetVer: 2, GameNetVer: 0 (Checksum: 3720868657)
[2018.05.21-13.07.00:224][  0]LogPackageLocalizationCache: Processed 9 localized package path(s) for 2 prioritized culture(s) in 0.076862 seconds
[2018.05.21-13.07.00:230][  0]LogUObjectArray: 36761 objects as part of root set at end of initial load.
[2018.05.21-13.07.00:230][  0]LogUObjectAllocator: 7320280 out of 0 bytes used by permanent object pool.
[2018.05.21-13.07.00:230][  0]LogUObjectArray: CloseDisregardForGC: 0/0 objects in disregard for GC pool
[2018.05.21-13.07.01:685][  0]LogTcpMessaging: Initializing TcpMessaging bridge
[2018.05.21-13.07.01:709][  0]LogUdpMessaging: Initializing bridge on interface 0.0.0.0:0 to multicast group 230.0.0.1:6666.
[2018.05.21-13.07.01:977][  0]SourceControl: Source control is disabled
[2018.05.21-13.07.01:977][  0]SourceControl: Source control is disabled
[2018.05.21-13.07.01:989][  0]SourceControl: Source control is disabled
[2018.05.21-13.07.02:000][  0]SourceControl: Source control is disabled
[2018.05.21-13.07.02:353][  0]LogAndroidPermission: UAndroidPermissionCallbackProxy::GetInstance
[2018.05.21-13.07.02:453][  0]LogOcInput: OculusInput pre-init called
[2018.05.21-13.07.02:543][  0]LogEngine: Initializing Engine...
[2018.05.21-13.07.02:544][  0]LogHMD: Failed to initialize OpenVR with code 110
[2018.05.21-13.07.02:545][  0]LogStats: UGameplayTagsManager::ConstructGameplayTagTree: Construct from data asset -  0.000 s
[2018.05.21-13.07.02:545][  0]LogStats: UGameplayTagsManager::ConstructGameplayTagTree: GameplayTagTreeChangedEvent.Broadcast -  0.000 s
[2018.05.21-13.07.02:787][  0]LogAIModule: Creating AISystem for world Untitled
[2018.05.21-13.07.02:807][  0]LogInit: XAudio2 using 'Headphones (High Definition Audio Device)' : 2 channels at 44.1 kHz using 16 bits per sample (channel mask 0x3)
[2018.05.21-13.07.02:817][  0]LogInit: FAudioDevice initialized.
[2018.05.21-13.07.02:936][  0]LogDerivedDataCache: Saved boot cache 0.12s 75MB C:/Users/PC/AppData/Local/UnrealEngine/4.19/DerivedDataCache/Boot.ddc.
[2018.05.21-13.07.02:951][  0]LogInit: Texture streaming: Enabled
[2018.05.21-13.07.02:966][  0]LogEngineSessionManager: EngineSessionManager initialized
[2018.05.21-13.07.02:978][  0]LogInit: Transaction tracking system initialized
[2018.05.21-13.07.03:000][  0]BlueprintLog: New page: Editor Load
[2018.05.21-13.07.03:071][  0]LocalizationService: Localization service is disabled
[2018.05.21-13.07.03:154][  0]LogConsoleResponse: Display: 
[2018.05.21-13.07.03:311][  0]LogCook: Display: Max memory allowance for cook 16384mb min free memory 0mb
[2018.05.21-13.07.03:311][  0]LogCook: Display: Mobile HDR setting 1
[2018.05.21-13.07.03:311][  0]LogGameplayTags: Display: UGameplayTagsManager::DoneAddingNativeTags. DelegateIsBound: 0
[2018.05.21-13.07.03:311][  0]LogStats: UGameplayTagsManager::ConstructGameplayTagTree: Construct from data asset -  0.000 s
[2018.05.21-13.07.03:311][  0]LogStats: UGameplayTagsManager::ConstructGameplayTagTree: GameplayTagTreeChangedEvent.Broadcast -  0.000 s
[2018.05.21-13.07.03:584][  0]LogFileCache: Scanning file cache for directory 'E:/UnrealVR/UnrealVR-Final-Project/Content/' took 0.01s
[2018.05.21-13.07.03:584][  0]SourceControl: Source control is disabled
[2018.05.21-13.07.03:584][  0]Cmd: MAP LOAD FILE="E:/UnrealVR/UnrealVR-Final-Project/Content/VirtualRealityBP/Maps/StartupMap.umap" TEMPLATE=0 SHOWPROGRESS=1 FEATURELEVEL=3
[2018.05.21-13.07.03:589][  0]LightingResults: New page: Lighting Build
[2018.05.21-13.07.03:591][  0]MapCheck: New page: Map Check
[2018.05.21-13.07.03:591][  0]LightingResults: New page: Lighting Build
[2018.05.21-13.07.03:746][  0]LogSkeletalMesh: Skeletal Mesh found in DDC [1.960961ms] /Game/VirtualReality/Mannequin/Character/Mesh/MannequinHand_Right.MannequinHand_Right
[2018.05.21-13.07.03:754][  0]LogAIModule: Creating AISystem for world StartupMap
[2018.05.21-13.07.03:760][  0]LogEditorServer: Finished looking for orphan Actors (0.000 secs)
[2018.05.21-13.07.03:772][  0]Cmd: MAP CHECKDEP NOCLEARLOG
[2018.05.21-13.07.03:812][  0]MapCheck: Map check complete: 0 Error(s), 0 Warning(s), took 39.911ms to complete.
[2018.05.21-13.07.03:812][  0]LogFileHelpers: Loading map 'StartupMap' took 0.228
[2018.05.21-13.07.03:949][  0]LogCollectionManager: Loaded 0 collections in 0.001256 seconds
[2018.05.21-13.07.03:990][  0]LogFileCache: Scanning file cache for directory 'E:/UnrealVR/UnrealVR-Final-Project/Saved/Collections/' took 0.01s
[2018.05.21-13.07.03:990][  0]LogFileCache: Scanning file cache for directory 'E:/UnrealVR/UnrealVR-Final-Project/Content/Developers/PC/Collections/' took 0.01s
[2018.05.21-13.07.03:990][  0]LogFileCache: Scanning file cache for directory 'E:/UnrealVR/UnrealVR-Final-Project/Content/Collections/' took 0.01s
[2018.05.21-13.07.03:990][  0]LogCollectionManager: Rebuilt the GUID cache for 0 collections in 0.000001 seconds
[2018.05.21-13.07.03:999][  0]LogContentBrowser: Native class hierarchy populated in 0.0091 seconds. Added 2457 classes and 564 folders.
[2018.05.21-13.07.04:006][  0]LogContentBrowser: Native class hierarchy updated for 'WidgetCarousel' in 0.0002 seconds. Added 0 classes and 0 folders.
[2018.05.21-13.07.04:048][  0]LogContentBrowser: Native class hierarchy updated for 'AddContentDialog' in 0.0002 seconds. Added 0 classes and 0 folders.
[2018.05.21-13.07.04:052][  0]LogContentBrowser: Native class hierarchy updated for 'SceneOutliner' in 0.0003 seconds. Added 1 classes and 2 folders.
[2018.05.21-13.07.04:119][  0]LogSlate: Took 0.000223 seconds to synchronously load lazily loaded font '../../../Engine/Content/Slate/Fonts/Roboto-Regular.ttf' (155K)
[2018.05.21-13.07.04:122][  0]LogSlate: Took 0.000241 seconds to synchronously load lazily loaded font '../../../Engine/Content/Slate/Fonts/Roboto-Bold.ttf' (160K)
[2018.05.21-13.07.04:130][  0]LogSlate: Took 0.000232 seconds to synchronously load lazily loaded font '../../../Engine/Content/Editor/Slate/Fonts/FontAwesome.ttf' (139K)
[2018.05.21-13.07.04:232][  0]LogRenderer: Reallocating scene render targets to support 1208x576 Format 26 NumSamples 1 (Frame:1).
[2018.05.21-13.07.04:418][  0]LogContentBrowser: Native class hierarchy updated for 'HierarchicalLODOutliner' in 0.0002 seconds. Added 0 classes and 0 folders.
[2018.05.21-13.07.04:419][  0]LogLoad: (Engine Initialization) Total time: 9.54 seconds
[2018.05.21-13.07.04:419][  0]LogLoad: (Engine Initialization) Total Blueprint compile time: 0.00 seconds
[2018.05.21-13.07.04:452][  0]LogContentStreaming: Texture pool size now 1000 MB
[2018.05.21-13.07.04:483][  0]LogSlate: Took 0.000184 seconds to synchronously load lazily loaded font '../../../Engine/Content/Slate/Fonts/Roboto-Light.ttf' (167K)
[2018.05.21-13.07.04:529][  1]LogAssetRegistry: Asset discovery search completed in 5.2360 seconds
[2018.05.21-13.07.04:532][  1]LogCollectionManager: Rebuilt the object cache for 0 collections in 0.000000 seconds (found 0 objects)
[2018.05.21-13.07.04:532][  1]LogCollectionManager: Fixed up redirectors for 0 collections in 0.000058 seconds (updated 0 objects)
[2018.05.21-13.07.06:604][236]LogSlate: FSceneViewport::OnFocusLost() reason 0
[2018.05.21-13.07.06:764][255]LogSlate: Took 0.000141 seconds to synchronously load lazily loaded font '../../../Engine/Content/Slate/Fonts/Roboto-Light.ttf' (167K)
[2018.05.21-13.07.06:860][255]LogUObjectGlobals: Created PersistentFrame Addr=0x000000ec7fc7f958, Size=24, Default__RightHand_AnimBP_C Function /Game/VirtualReality/Mannequin/Animations/RightHand_AnimBP.RightHand_AnimBP_C:ExecuteUbergraph_RightHand_AnimBP
[2018.05.21-13.07.06:863][255]LogUObjectGlobals: Destroyed PersistentFrame Addr=0x000000ec7fc7f958, Size=24
[2018.05.21-13.07.06:863][255]LogUObjectGlobals: Created PersistentFrame Addr=0x000000ec7fc7f958, Size=24, Default__RightHand_AnimBP_C Function /Engine/Transient.REINST_RightHand_AnimBP_C_0:ExecuteUbergraph_RightHand_AnimBP
[2018.05.21-13.07.06:866][255]LogUObjectGlobals: Created PersistentFrame Addr=0x000000ec7fc7ee30, Size=24, Default__RightHand_AnimBP_C Function /Game/VirtualReality/Mannequin/Animations/RightHand_AnimBP.RightHand_AnimBP_C:ExecuteUbergraph_RightHand_AnimBP
[2018.05.21-13.07.06:943][255]LogUObjectGlobals: Created PersistentFrame Addr=0x000000ec4dfa7800, Size=976, Default__BP_MotionController_C Function /Game/VirtualRealityBP/Blueprints/BP_MotionController.BP_MotionController_C:ExecuteUbergraph_BP_MotionController
[2018.05.21-13.07.06:976][255]LogUObjectGlobals: Destroyed PersistentFrame Addr=0x000000ec4dfa7800, Size=976
[2018.05.21-13.07.06:976][255]LogUObjectGlobals: Created PersistentFrame Addr=0x000000ec4dfa7800, Size=976, Default__BP_MotionController_C Function /Engine/Transient.REINST_BP_MotionController_C_8:ExecuteUbergraph_BP_MotionController
[2018.05.21-13.07.06:982][255]LogBlueprint: Warning: [Compiler BP_MotionController] Set Hand  is deprecated; please replace or remove it.
[2018.05.21-13.07.06:982][255]LogBlueprint: Warning: [Compiler BP_MotionController] Set Hand  is deprecated; Please use the Motion Source property instead of Hand
[2018.05.21-13.07.06:987][255]LogBlueprint: Warning: [Compiler BP_MotionController] ProjectPointToNavigation_DEPRECATED  is deprecated; This version of ProjectPointToNavigation is deprecated. Please use the new version
[2018.05.21-13.07.07:004][255]LogUObjectGlobals: Created PersistentFrame Addr=0x000000ec4dfa5c00, Size=1016, Default__BP_MotionController_C Function /Game/VirtualRealityBP/Blueprints/BP_MotionController.BP_MotionController_C:ExecuteUbergraph_BP_MotionController
[2018.05.21-13.07.07:011][255]LogBlueprint: Warning: [Compiler BP_MotionController] [0012.13] Compile of BP_MotionController successful, but with 3 Warning(s) [in 45 ms] (/Game/VirtualRealityBP/Blueprints/BP_MotionController.BP_MotionController)
[2018.05.21-13.07.07:023][255]LogUObjectGlobals: Created PersistentFrame Addr=0x000000ec62ace460, Size=28, Default__MyVRGameMode_C Function /Game/MyVRGameMode.MyVRGameMode_C:ExecuteUbergraph_MyVRGameMode
[2018.05.21-13.07.07:030][255]LogUObjectGlobals: Created PersistentFrame Addr=0x000000ec62b3b380, Size=544, Default__MotionControllerPawn_C Function /Game/VirtualRealityBP/Blueprints/MotionControllerPawn.MotionControllerPawn_C:ExecuteUbergraph_MotionControllerPawn
[2018.05.21-13.07.07:048][255]LogUObjectGlobals: Destroyed PersistentFrame Addr=0x000000ec62b3b380, Size=544
[2018.05.21-13.07.07:048][255]LogUObjectGlobals: Created PersistentFrame Addr=0x000000ec62b3b380, Size=544, Default__MotionControllerPawn_C Function /Engine/Transient.REINST_MotionControllerPawn_C_10:ExecuteUbergraph_MotionControllerPawn
[2018.05.21-13.07.07:048][255]LogUObjectGlobals: Destroyed PersistentFrame Addr=0x000000ec62ace460, Size=28
[2018.05.21-13.07.07:048][255]LogUObjectGlobals: Created PersistentFrame Addr=0x000000ec62b711a0, Size=28, Default__MyVRGameMode_C Function /Engine/Transient.REINST_MyVRGameMode_C_11:ExecuteUbergraph_MyVRGameMode
[2018.05.21-13.07.07:061][255]LogUObjectGlobals: Created PersistentFrame Addr=0x000000ec62bd4900, Size=544, Default__MotionControllerPawn_C Function /Game/VirtualRealityBP/Blueprints/MotionControllerPawn.MotionControllerPawn_C:ExecuteUbergraph_MotionControllerPawn
[2018.05.21-13.07.07:062][255]LogUObjectGlobals: Created PersistentFrame Addr=0x000000ec1088f140, Size=28, Default__MyVRGameMode_C Function /Game/MyVRGameMode.MyVRGameMode_C:ExecuteUbergraph_MyVRGameMode
[2018.05.21-13.07.07:126][255]LogUObjectGlobals: Created PersistentFrame Addr=0x000000ec1088ef00, Size=32, Default__BP_PickupStone_C Function /Game/VirtualRealityBP/Blueprints/BP_PickupStone.BP_PickupStone_C:ExecuteUbergraph_BP_PickupStone
[2018.05.21-13.07.07:128][255]LogUObjectGlobals: Destroyed PersistentFrame Addr=0x000000ec1088ef00, Size=32
[2018.05.21-13.07.07:128][255]LogUObjectGlobals: Created PersistentFrame Addr=0x000000ec1088ef00, Size=32, Default__BP_PickupStone_C Function /Engine/Transient.REINST_BP_PickupStone_C_18:ExecuteUbergraph_BP_PickupStone
[2018.05.21-13.07.07:130][255]LogUObjectGlobals: Created PersistentFrame Addr=0x000000ec1088e320, Size=32, Default__BP_PickupStone_C Function /Game/VirtualRealityBP/Blueprints/BP_PickupStone.BP_PickupStone_C:ExecuteUbergraph_BP_PickupStone
[2018.05.21-13.07.07:244][255]LogUObjectGlobals: Created PersistentFrame Addr=0x000000ec107feac0, Size=288, Default__Blueprint_CeilingLight_C Function /Game/StarterContent/Blueprints/Blueprint_CeilingLight.Blueprint_CeilingLight_C:ExecuteUbergraph_Blueprint_CeilingLight
[2018.05.21-13.07.07:248][255]LogUObjectGlobals: Destroyed PersistentFrame Addr=0x000000ec107feac0, Size=288
[2018.05.21-13.07.07:248][255]LogUObjectGlobals: Created PersistentFrame Addr=0x000000ec107feac0, Size=288, Default__Blueprint_CeilingLight_C Function /Engine/Transient.REINST_Blueprint_CeilingLight_C_20:ExecuteUbergraph_Blueprint_CeilingLight
[2018.05.21-13.07.07:250][255]LogUObjectGlobals: Created PersistentFrame Addr=0x000000ec107fe480, Size=288, Default__Blueprint_CeilingLight_C Function /Game/StarterContent/Blueprints/Blueprint_CeilingLight.Blueprint_CeilingLight_C:ExecuteUbergraph_Blueprint_CeilingLight
[2018.05.21-13.07.07:279][255]LogUObjectGlobals: Created PersistentFrame Addr=0x000000ec1088cac0, Size=32, Default__Bp_Wand_C Function /Game/VirtualRealityBP/Blueprints/Bp_Wand.Bp_Wand_C:ExecuteUbergraph_Bp_Wand
[2018.05.21-13.07.07:282][255]LogUObjectGlobals: Destroyed PersistentFrame Addr=0x000000ec1088cac0, Size=32
[2018.05.21-13.07.07:282][255]LogUObjectGlobals: Created PersistentFrame Addr=0x000000ec1088cac0, Size=32, Default__Bp_Wand_C Function /Engine/Transient.REINST_Bp_Wand_C_22:ExecuteUbergraph_Bp_Wand
[2018.05.21-13.07.07:284][255]LogUObjectGlobals: Created PersistentFrame Addr=0x000000ec62aceac0, Size=32, Default__Bp_Wand_C Function /Game/VirtualRealityBP/Blueprints/Bp_Wand.Bp_Wand_C:ExecuteUbergraph_Bp_Wand
[2018.05.21-13.07.08:831][255]LogUObjectGlobals: Created PersistentFrame Addr=0x000000ec08549440, Size=144, Default__map_apartment_C Function /Game/Assets/map_apartment.map_apartment_C:ExecuteUbergraph_map_apartment
[2018.05.21-13.07.08:833][255]LogUObjectGlobals: Destroyed PersistentFrame Addr=0x000000ec08549440, Size=144
[2018.05.21-13.07.08:833][255]LogUObjectGlobals: Created PersistentFrame Addr=0x000000ec10480900, Size=144, Default__map_apartment_C Function /Engine/Transient.REINST_map_apartment_C_24:ExecuteUbergraph_map_apartment
[2018.05.21-13.07.08:836][255]LogUObjectGlobals: Created PersistentFrame Addr=0x000000ec0894c0e0, Size=144, Default__map_apartment_C Function /Game/Assets/map_apartment.map_apartment_C:ExecuteUbergraph_map_apartment
[2018.05.21-13.07.09:078][255]LogMaterial: Missing cached shader map for material M_Window_Frame, compiling. 
[2018.05.21-13.07.09:079][255]LogMaterial: Warning: E:\UnrealVR\UnrealVR-Final-Project\Content\Assets\material\M_Window_Frame.uasset: Failed to compile Material for platform PCD3D_SM5, Default Material will be used in game.
[2018.05.21-13.07.09:079][255]LogMaterial: 	(Node TextureSample) TextureSample> Sampler type is Color, should be Linear Color for /Game/Assets/textures/m_window_frame_occlusionroughnessmetallic.m_window_frame_occlusionroughnessmetallic
[2018.05.21-13.07.09:365][255]LogAIModule: Creating AISystem for world map_apartment
[2018.05.21-13.07.09:390][255]LogUObjectGlobals: Destroyed PersistentFrame Addr=0x000000ec7fc7f958, Size=24
[2018.05.21-13.07.09:390][255]LogUObjectGlobals: Destroyed PersistentFrame Addr=0x000000ec4dfa7800, Size=976
[2018.05.21-13.07.09:391][255]LogUObjectGlobals: Destroyed PersistentFrame Addr=0x000000ec62b711a0, Size=28
[2018.05.21-13.07.09:391][255]LogUObjectGlobals: Destroyed PersistentFrame Addr=0x000000ec62b3b380, Size=544
[2018.05.21-13.07.09:391][255]LogUObjectGlobals: Destroyed PersistentFrame Addr=0x000000ec1088ef00, Size=32
[2018.05.21-13.07.09:391][255]LogUObjectGlobals: Destroyed PersistentFrame Addr=0x000000ec107feac0, Size=288
[2018.05.21-13.07.09:391][255]LogUObjectGlobals: Destroyed PersistentFrame Addr=0x000000ec1088cac0, Size=32
[2018.05.21-13.07.09:391][255]LogUObjectGlobals: Destroyed PersistentFrame Addr=0x000000ec10480900, Size=144
[2018.05.21-13.07.09:393][255]Cmd: MAP LOAD FILE="E:/UnrealVR/UnrealVR-Final-Project/Content/Assets/map_apartment.umap" TEMPLATE=0 SHOWPROGRESS=1 FEATURELEVEL=3
[2018.05.21-13.07.09:393][255]LightingResults: New page: Lighting Build
[2018.05.21-13.07.09:394][255]LoadErrors: New page: Loading map: map_apartment.umap
[2018.05.21-13.07.09:395][255]MapCheck: New page: Map Check
[2018.05.21-13.07.09:395][255]LightingResults: New page: Lighting Build
[2018.05.21-13.07.09:478][255]LogEditorServer: Finished looking for orphan Actors (0.000 secs)
[2018.05.21-13.07.09:517][255]Cmd: MAP CHECKDEP NOCLEARLOG
[2018.05.21-13.07.09:572][255]MapCheck: Map check complete: 0 Error(s), 0 Warning(s), took 55.245ms to complete.
[2018.05.21-13.07.09:572][255]LogFileHelpers: Loading map 'map_apartment' took 0.180
[2018.05.21-13.07.11:310][421]LogContentBrowser: Native class hierarchy updated for 'BlueprintGraph' in 0.0006 seconds. Added 116 classes and 0 folders.
[2018.05.21-13.07.11:609][421]LogUObjectGlobals: Created PersistentFrame Addr=0x000000ec27999608, Size=4, Default__SKEL_PROTO_BP_AnimBlueprint_0_C Function /Engine/Transient.SKEL_PROTO_BP_AnimBlueprint_0_C:ExecuteUbergraph_PROTO_BP_AnimBlueprint_0
[2018.05.21-13.07.11:610][421]LogUObjectGlobals: Created PersistentFrame Addr=0x000000ec27999600, Size=4, Default__PROTO_BP_AnimBlueprint_0_C Function /Engine/Transient.PROTO_BP_AnimBlueprint_0_C:ExecuteUbergraph_PROTO_BP_AnimBlueprint_0
[2018.05.21-13.07.12:028][421]LogSlate: Took 0.000160 seconds to synchronously load lazily loaded font '../../../Engine/Content/Slate/Fonts/Roboto-BoldCondensed.ttf' (158K)
[2018.05.21-13.07.12:112][422]LogSlate: Took 0.000163 seconds to synchronously load lazily loaded font '../../../Engine/Content/Slate/Fonts/Roboto-Italic.ttf' (157K)
[2018.05.21-13.07.14:028][603]LogSlate: Window 'Blueprint_CeilingLight' being destroyed
[2018.05.21-13.07.14:030][603]LogSlate: Window 'Blueprint_CeilingLight' being destroyed
